This is pdfTeX, Version 3.1415926-2.4-1.40.13 (MiKTeX 2.9) (preloaded format=pdflatex 2014.1.1)  1 JUL 2014 08:13
entering extended mode
**D:/My_All_Doc/Abaut*radio/_TransistorTester/Doc-BIN/Doku309/russian/ttinfo.te
x

("D:/My_All_Doc/Abaut radio/_TransistorTester/Doc-BIN/Doku309/russian/ttinfo.te
x"
LaTeX2e <2011/06/27>
Babel <v3.8m> and hyphenation patterns for english, afrikaans, ancientgreek, ar
abic, armenian, assamese, basque, bengali, bokmal, bulgarian, catalan, coptic, 
croatian, czech, danish, dutch, esperanto, estonian, farsi, finnish, french, ga
lician, german, german-x-2012-05-30, greek, gujarati, hindi, hungarian, iceland
ic, indonesian, interlingua, irish, italian, kannada, kurmanji, latin, latvian,
 lithuanian, malayalam, marathi, mongolian, mongolianlmc, monogreek, ngerman, n
german-x-2012-05-30, nynorsk, oriya, panjabi, pinyin, polish, portuguese, roman
ian, russian, sanskrit, serbian, slovak, slovenian, spanish, swedish, swissgerm
an, tamil, telugu, turkish, turkmen, ukenglish, ukrainian, uppersorbian, usengl
ishmax, welsh, loaded.
("C:\Program Files\MiKTeX 2.9\tex\latex\base\report.cls"
Document Class: report 2007/10/19 v1.4h Standard LaTeX document class
("C:\Program Files\MiKTeX 2.9\tex\latex\base\size12.clo"
File: size12.clo 2007/10/19 v1.4h Standard LaTeX file (size option)
)
\c@part=\count79
\c@chapter=\count80
\c@section=\count81
\c@subsection=\count82
\c@subsubsection=\count83
\c@paragraph=\count84
\c@subparagraph=\count85
\c@figure=\count86
\c@table=\count87
\abovecaptionskip=\skip41
\belowcaptionskip=\skip42
\bibindent=\dimen102
)
("C:\Program Files\MiKTeX 2.9\tex\latex\lm\lmodern.sty"
Package: lmodern 2009/10/30 v1.6 Latin Modern Fonts
LaTeX Font Info:    Overwriting symbol font `operators' in version `normal'
(Font)                  OT1/cmr/m/n --> OT1/lmr/m/n on input line 22.
LaTeX Font Info:    Overwriting symbol font `letters' in version `normal'
(Font)                  OML/cmm/m/it --> OML/lmm/m/it on input line 23.
LaTeX Font Info:    Overwriting symbol font `symbols' in version `normal'
(Font)                  OMS/cmsy/m/n --> OMS/lmsy/m/n on input line 24.
LaTeX Font Info:    Overwriting symbol font `largesymbols' in version `normal'
(Font)                  OMX/cmex/m/n --> OMX/lmex/m/n on input line 25.
LaTeX Font Info:    Overwriting symbol font `operators' in version `bold'
(Font)                  OT1/cmr/bx/n --> OT1/lmr/bx/n on input line 26.
LaTeX Font Info:    Overwriting symbol font `letters' in version `bold'
(Font)                  OML/cmm/b/it --> OML/lmm/b/it on input line 27.
LaTeX Font Info:    Overwriting symbol font `symbols' in version `bold'
(Font)                  OMS/cmsy/b/n --> OMS/lmsy/b/n on input line 28.
LaTeX Font Info:    Overwriting symbol font `largesymbols' in version `bold'
(Font)                  OMX/cmex/m/n --> OMX/lmex/m/n on input line 29.
LaTeX Font Info:    Overwriting math alphabet `\mathbf' in version `normal'
(Font)                  OT1/cmr/bx/n --> OT1/lmr/bx/n on input line 31.
LaTeX Font Info:    Overwriting math alphabet `\mathsf' in version `normal'
(Font)                  OT1/cmss/m/n --> OT1/lmss/m/n on input line 32.
LaTeX Font Info:    Overwriting math alphabet `\mathit' in version `normal'
(Font)                  OT1/cmr/m/it --> OT1/lmr/m/it on input line 33.
LaTeX Font Info:    Overwriting math alphabet `\mathtt' in version `normal'
(Font)                  OT1/cmtt/m/n --> OT1/lmtt/m/n on input line 34.
LaTeX Font Info:    Overwriting math alphabet `\mathbf' in version `bold'
(Font)                  OT1/cmr/bx/n --> OT1/lmr/bx/n on input line 35.
LaTeX Font Info:    Overwriting math alphabet `\mathsf' in version `bold'
(Font)                  OT1/cmss/bx/n --> OT1/lmss/bx/n on input line 36.
LaTeX Font Info:    Overwriting math alphabet `\mathit' in version `bold'
(Font)                  OT1/cmr/bx/it --> OT1/lmr/bx/it on input line 37.
LaTeX Font Info:    Overwriting math alphabet `\mathtt' in version `bold'
(Font)                  OT1/cmtt/m/n --> OT1/lmtt/m/n on input line 38.
)
("C:\Program Files\MiKTeX 2.9\tex\latex\base\fontenc.sty"
Package: fontenc 2005/09/27 v1.99g Standard LaTeX package

("C:\Program Files\MiKTeX 2.9\tex\latex\base\t1enc.def"
File: t1enc.def 2005/09/27 v1.99g Standard LaTeX file
LaTeX Font Info:    Redeclaring font encoding T1 on input line 43.
))
("C:\Program Files\MiKTeX 2.9\tex\latex\preprint\fullpage.sty"
Package: fullpage 1999/02/23 1.1 (PWD)
\FP@margin=\skip43
)
("C:\Program Files\MiKTeX 2.9\tex\latex\cmap\cmap.sty"
Package: cmap 2008/03/06 v1.0h CMap support: searchable PDF


Package cmap Warning: fontenc already loaded - some fonts may be unprocessed.

) ("C:\Program Files\MiKTeX 2.9\tex\latex\base\inputenc.sty"
Package: inputenc 2008/03/30 v1.1d Input encoding file
\inpenc@prehook=\toks14
\inpenc@posthook=\toks15

("C:\Program Files\MiKTeX 2.9\tex\latex\cyrillic\cp1251.def"
File: cp1251.def 1999/11/16 v1.0d Input encoding file
))
("C:\Program Files\MiKTeX 2.9\tex\generic\babel\babel.sty"
Package: babel 2008/07/08 v3.8m The Babel package

*************************************
* Local config file bblopts.cfg used
*
("C:\Program Files\MiKTeX 2.9\tex\latex\00miktex\bblopts.cfg"
File: bblopts.cfg 2006/07/31 v1.0 MiKTeX 'babel' configuration
)
("C:\Program Files\MiKTeX 2.9\tex\generic\babel\english.ldf"
Language: english 2005/03/30 v3.3o English support from the babel system

("C:\Program Files\MiKTeX 2.9\tex\generic\babel\babel.def"
File: babel.def 2008/07/08 v3.8m Babel common definitions
\babel@savecnt=\count88
\U@D=\dimen103
)
\l@canadian = a dialect from \language\l@american 
\l@australian = a dialect from \language\l@british 
\l@newzealand = a dialect from \language\l@british 
)
("C:\Program Files\MiKTeX 2.9\tex\generic\babel\russianb.ldf"
Language: russianb 2008/03/21 v1.1r Russian support from the babel system

("C:\Program Files\MiKTeX 2.9\tex\latex\cyrillic\t2aenc.def"
File: t2aenc.def 2005/09/27 v1.0i Cyrillic encoding definition file
)
Package babel Info: Making " an active character on input line 199.
))
("C:\Program Files\MiKTeX 2.9\tex\latex\graphics\graphicx.sty"
Package: graphicx 1999/02/16 v1.0f Enhanced LaTeX Graphics (DPC,SPQR)

("C:\Program Files\MiKTeX 2.9\tex\latex\graphics\keyval.sty"
Package: keyval 1999/03/16 v1.13 key=value parser (DPC)
\KV@toks@=\toks16
)
("C:\Program Files\MiKTeX 2.9\tex\latex\graphics\graphics.sty"
Package: graphics 2009/02/05 v1.0o Standard LaTeX Graphics (DPC,SPQR)

("C:\Program Files\MiKTeX 2.9\tex\latex\graphics\trig.sty"
Package: trig 1999/03/16 v1.09 sin cos tan (DPC)
)
("C:\Program Files\MiKTeX 2.9\tex\latex\00miktex\graphics.cfg"
File: graphics.cfg 2007/01/18 v1.5 graphics configuration of teTeX/TeXLive
)
Package graphics Info: Driver file: pdftex.def on input line 91.

("C:\Program Files\MiKTeX 2.9\tex\latex\pdftex-def\pdftex.def"
File: pdftex.def 2011/05/27 v0.06d Graphics/color for pdfTeX

("C:\Program Files\MiKTeX 2.9\tex\generic\oberdiek\infwarerr.sty"
Package: infwarerr 2010/04/08 v1.3 Providing info/warning/error messages (HO)
)
("C:\Program Files\MiKTeX 2.9\tex\generic\oberdiek\ltxcmds.sty"
Package: ltxcmds 2011/11/09 v1.22 LaTeX kernel commands for general use (HO)
)
\Gread@gobject=\count89
))
\Gin@req@height=\dimen104
\Gin@req@width=\dimen105
)
("C:\Program Files\MiKTeX 2.9\tex\latex\caption\caption.sty"
Package: caption 2013/05/02 v3.3-89 Customizing captions (AR)

("C:\Program Files\MiKTeX 2.9\tex\latex\caption\caption3.sty"
Package: caption3 2013/05/02 v1.6-88 caption3 kernel (AR)
Package caption3 Info: TeX engine: e-TeX on input line 57.
\captionmargin=\dimen106
\captionmargin@=\dimen107
\captionwidth=\dimen108
\caption@tempdima=\dimen109
\caption@indent=\dimen110
\caption@parindent=\dimen111
\caption@hangindent=\dimen112
)
\c@ContinuedFloat=\count90
)
("C:\Program Files\MiKTeX 2.9\tex\latex\caption\subcaption.sty"
Package: subcaption 2013/02/03 v1.1-62 Sub-captions (AR)
\c@subfigure=\count91
\c@subtable=\count92
)
("C:\Program Files\MiKTeX 2.9\tex\latex\graphics\color.sty"
Package: color 2005/11/14 v1.0j Standard LaTeX Color (DPC)

("C:\Program Files\MiKTeX 2.9\tex\latex\00miktex\color.cfg"
File: color.cfg 2007/01/18 v1.5 color configuration of teTeX/TeXLive
)
Package color Info: Driver file: pdftex.def on input line 130.
)
("C:\Program Files\MiKTeX 2.9\tex\latex\oberdiek\epstopdf.sty"
Package: epstopdf 2010/02/09 v2.5 Conversion with epstopdf on the fly (HO)

("C:\Program Files\MiKTeX 2.9\tex\latex\oberdiek\epstopdf-base.sty"
Package: epstopdf-base 2010/02/09 v2.5 Base part for package epstopdf

("C:\Program Files\MiKTeX 2.9\tex\latex\oberdiek\grfext.sty"
Package: grfext 2010/08/19 v1.1 Manage graphics extensions (HO)

("C:\Program Files\MiKTeX 2.9\tex\generic\oberdiek\kvdefinekeys.sty"
Package: kvdefinekeys 2011/04/07 v1.3 Define keys (HO)
))
("C:\Program Files\MiKTeX 2.9\tex\latex\oberdiek\kvoptions.sty"
Package: kvoptions 2011/06/30 v3.11 Key value format for package options (HO)

("C:\Program Files\MiKTeX 2.9\tex\generic\oberdiek\kvsetkeys.sty"
Package: kvsetkeys 2012/04/25 v1.16 Key value parser (HO)

("C:\Program Files\MiKTeX 2.9\tex\generic\oberdiek\etexcmds.sty"
Package: etexcmds 2011/02/16 v1.5 Avoid name clashes with e-TeX commands (HO)

("C:\Program Files\MiKTeX 2.9\tex\generic\oberdiek\ifluatex.sty"
Package: ifluatex 2010/03/01 v1.3 Provides the ifluatex switch (HO)
Package ifluatex Info: LuaTeX not detected.
)
Package etexcmds Info: Could not find \expanded.
(etexcmds)             That can mean that you are not using pdfTeX 1.50 or
(etexcmds)             that some package has redefined \expanded.
(etexcmds)             In the latter case, load this package earlier.
)))
("C:\Program Files\MiKTeX 2.9\tex\generic\oberdiek\pdftexcmds.sty"
Package: pdftexcmds 2011/11/29 v0.20 Utility functions of pdfTeX for LuaTeX (HO
)

("C:\Program Files\MiKTeX 2.9\tex\generic\oberdiek\ifpdf.sty"
Package: ifpdf 2011/01/30 v2.3 Provides the ifpdf switch (HO)
Package ifpdf Info: pdfTeX in PDF mode is detected.
)
Package pdftexcmds Info: LuaTeX not detected.
Package pdftexcmds Info: \pdf@primitive is available.
Package pdftexcmds Info: \pdf@ifprimitive is available.
Package pdftexcmds Info: \pdfdraftmode found.
)
Package grfext Info: Graphics extension search list:
(grfext)             [.png,.pdf,.jpg,.mps,.jpeg,.jbig2,.jb2,.PNG,.PDF,.JPG,.JPE
G,.JBIG2,.JB2,.eps]
(grfext)             \AppendGraphicsExtensions on input line 452.
))
("C:\Program Files\MiKTeX 2.9\tex\latex\hyperref\hyperref.sty"
Package: hyperref 2012/11/06 v6.83m Hypertext links for LaTeX

("C:\Program Files\MiKTeX 2.9\tex\generic\oberdiek\hobsub-hyperref.sty"
Package: hobsub-hyperref 2012/04/25 v1.12 Bundle oberdiek, subset hyperref (HO)


("C:\Program Files\MiKTeX 2.9\tex\generic\oberdiek\hobsub-generic.sty"
Package: hobsub-generic 2012/04/25 v1.12 Bundle oberdiek, subset generic (HO)
Package: hobsub 2012/04/25 v1.12 Construct package bundles (HO)
Package hobsub Info: Skipping package `infwarerr' (already loaded).
Package hobsub Info: Skipping package `ltxcmds' (already loaded).
Package hobsub Info: Skipping package `ifluatex' (already loaded).
Package: ifvtex 2010/03/01 v1.5 Detect VTeX and its facilities (HO)
Package ifvtex Info: VTeX not detected.
Package: intcalc 2007/09/27 v1.1 Expandable calculations with integers (HO)
Package hobsub Info: Skipping package `ifpdf' (already loaded).
Package hobsub Info: Skipping package `etexcmds' (already loaded).
Package hobsub Info: Skipping package `kvsetkeys' (already loaded).
Package hobsub Info: Skipping package `kvdefinekeys' (already loaded).
Package hobsub Info: Skipping package `pdftexcmds' (already loaded).
Package: pdfescape 2011/11/25 v1.13 Implements pdfTeX's escape features (HO)
Package: bigintcalc 2012/04/08 v1.3 Expandable calculations on big integers (HO
)
Package: bitset 2011/01/30 v1.1 Handle bit-vector datatype (HO)
Package: uniquecounter 2011/01/30 v1.2 Provide unlimited unique counter (HO)
)
Package hobsub Info: Skipping package `hobsub' (already loaded).
Package: letltxmacro 2010/09/02 v1.4 Let assignment for LaTeX macros (HO)
Package: hopatch 2011/06/24 v1.1 Wrapper for package hooks (HO)
Package: xcolor-patch 2011/01/30 xcolor patch
Package: atveryend 2011/06/30 v1.8 Hooks at the very end of document (HO)
Package atveryend Info: \enddocument detected (standard20110627).
Package: atbegshi 2011/10/05 v1.16 At begin shipout hook (HO)
Package: refcount 2011/10/16 v3.4 Data extraction from label references (HO)
Package: hycolor 2011/01/30 v1.7 Color options for hyperref/bookmark (HO)
)
("C:\Program Files\MiKTeX 2.9\tex\generic\ifxetex\ifxetex.sty"
Package: ifxetex 2010/09/12 v0.6 Provides ifxetex conditional
)
("C:\Program Files\MiKTeX 2.9\tex\latex\oberdiek\auxhook.sty"
Package: auxhook 2011/03/04 v1.3 Hooks for auxiliary files (HO)
)
\@linkdim=\dimen113
\Hy@linkcounter=\count93
\Hy@pagecounter=\count94

("C:\Program Files\MiKTeX 2.9\tex\latex\hyperref\pd1enc.def"
File: pd1enc.def 2012/11/06 v6.83m Hyperref: PDFDocEncoding definition (HO)
)
\Hy@SavedSpaceFactor=\count95
Package hyperref Info: Option `unicode' set `true' on input line 3411.

("C:\Program Files\MiKTeX 2.9\tex\latex\hyperref\puenc.def"
File: puenc.def 2012/11/06 v6.83m Hyperref: PDF Unicode definition (HO)
)
("C:\Program Files\MiKTeX 2.9\tex\latex\00miktex\hyperref.cfg"
File: hyperref.cfg 2002/06/06 v1.2 hyperref configuration of TeXLive
)
Package hyperref Info: Hyper figures OFF on input line 4443.
Package hyperref Info: Link nesting OFF on input line 4448.
Package hyperref Info: Hyper index ON on input line 4451.
Package hyperref Info: Plain pages OFF on input line 4458.
Package hyperref Info: Backreferencing OFF on input line 4463.
Package hyperref Info: Implicit mode ON; LaTeX internals redefined.
Package hyperref Info: Bookmarks ON on input line 4688.
\c@Hy@tempcnt=\count96

("C:\Program Files\MiKTeX 2.9\tex\latex\ltxmisc\url.sty"
\Urlmuskip=\muskip10
Package: url 2006/04/12  ver 3.3  Verb mode for urls, etc.
)
LaTeX Info: Redefining \url on input line 5041.
\XeTeXLinkMargin=\dimen114
\Fld@menulength=\count97
\Field@Width=\dimen115
\Fld@charsize=\dimen116
Package hyperref Info: Hyper figures OFF on input line 6295.
Package hyperref Info: Link nesting OFF on input line 6300.
Package hyperref Info: Hyper index ON on input line 6303.
Package hyperref Info: backreferencing OFF on input line 6310.
Package hyperref Info: Link coloring OFF on input line 6315.
Package hyperref Info: Link coloring with OCG OFF on input line 6320.
Package hyperref Info: PDF/A mode OFF on input line 6325.
LaTeX Info: Redefining \ref on input line 6365.
LaTeX Info: Redefining \pageref on input line 6369.
\Hy@abspage=\count98
\c@Item=\count99
\c@Hfootnote=\count100
)

Package hyperref Message: Driver: hpdftex.

("C:\Program Files\MiKTeX 2.9\tex\latex\hyperref\hpdftex.def"
File: hpdftex.def 2012/11/06 v6.83m Hyperref driver for pdfTeX
\Fld@listcount=\count101
\c@bookmark@seq@number=\count102

("C:\Program Files\MiKTeX 2.9\tex\latex\oberdiek\rerunfilecheck.sty"
Package: rerunfilecheck 2011/04/15 v1.7 Rerun checks for auxiliary files (HO)
Package uniquecounter Info: New unique counter `rerunfilecheck' on input line 2
82.
)
\Hy@SectionHShift=\skip44
)
("C:\Program Files\MiKTeX 2.9\tex\latex\float\float.sty"
Package: float 2001/11/08 v1.3d Float enhancements (AL)
\c@float@type=\count103
\float@exts=\toks17
\float@box=\box26
\@float@everytoks=\toks18
\@floatcapt=\box27
)
("D:\My_All_Doc\Abaut radio\_TransistorTester\Doc-BIN\Doku309\russian\ttinfo.au
x"
LaTeX Font Info:    Try loading font information for T2A+cmr on input line 20.
 ("C:\Program Files\MiKTeX 2.9\tex\latex\cyrillic\t2acmr.fd"
File: t2acmr.fd 2001/08/11 v1.0a Computer Modern Cyrillic font definitions
)<<t2a.cmap>>
("D:\My_All_Doc\Abaut radio\_TransistorTester\Doc-BIN\Doku309\russian\BJT-trans
istors.aux")
("D:\My_All_Doc\Abaut radio\_TransistorTester\Doc-BIN\Doku309\russian\MOS-trans
istors.aux"))
LaTeX Font Info:    Checking defaults for OML/cmm/m/it on input line 19.
LaTeX Font Info:    ... okay on input line 19.
LaTeX Font Info:    Checking defaults for T1/cmr/m/n on input line 19.
LaTeX Font Info:    ... okay on input line 19.
LaTeX Font Info:    Checking defaults for OT1/cmr/m/n on input line 19.
LaTeX Font Info:    ... okay on input line 19.
LaTeX Font Info:    Checking defaults for OMS/cmsy/m/n on input line 19.
LaTeX Font Info:    ... okay on input line 19.
LaTeX Font Info:    Checking defaults for OMX/cmex/m/n on input line 19.
LaTeX Font Info:    ... okay on input line 19.
LaTeX Font Info:    Checking defaults for U/cmr/m/n on input line 19.
LaTeX Font Info:    ... okay on input line 19.
LaTeX Font Info:    Checking defaults for T2A/cmr/m/n on input line 19.
LaTeX Font Info:    ... okay on input line 19.
LaTeX Font Info:    Checking defaults for PD1/pdf/m/n on input line 19.
LaTeX Font Info:    ... okay on input line 19.
LaTeX Font Info:    Checking defaults for PU/pdf/m/n on input line 19.
LaTeX Font Info:    ... okay on input line 19.
LaTeX Font Info:    Try loading font information for T1+lmr on input line 19.
 ("C:\Program Files\MiKTeX 2.9\tex\latex\lm\t1lmr.fd"
File: t1lmr.fd 2009/10/30 v1.6 Font defs for Latin Modern
)<<t1.cmap>>
LaTeX Font Info:    Try loading font information for T2A+lmr on input line 19.
LaTeX Font Info:    No file T2Almr.fd. on input line 19.


LaTeX Font Warning: Font shape `T2A/lmr/m/n' undefined
(Font)              using `T2A/cmr/m/n' instead on input line 19.

("C:\Program Files\MiKTeX 2.9\tex\context\base\supp-pdf.mkii"
[Loading MPS to PDF converter (version 2006.09.02).]
\scratchcounter=\count104
\scratchdimen=\dimen117
\scratchbox=\box28
\nofMPsegments=\count105
\nofMParguments=\count106
\everyMPshowfont=\toks19
\MPscratchCnt=\count107
\MPscratchDim=\dimen118
\MPnumerator=\count108
\makeMPintoPDFobject=\count109
\everyMPtoPDFconversion=\toks20
)
Package caption Info: Begin \AtBeginDocument code.
Package caption Info: float package is loaded.
Package caption Info: hyperref package is loaded.
Package caption Info: End \AtBeginDocument code.
\AtBeginShipoutBox=\box29
Package hyperref Info: Link coloring OFF on input line 19.
 ("C:\Program Files\MiKTeX 2.9\tex\latex\hyperref\nameref.sty"
Package: nameref 2012/10/27 v2.43 Cross-referencing by name of section

("C:\Program Files\MiKTeX 2.9\tex\generic\oberdiek\gettitlestring.sty"
Package: gettitlestring 2010/12/03 v1.4 Cleanup title references (HO)
)
\c@section@level=\count110
)
LaTeX Info: Redefining \ref on input line 19.
LaTeX Info: Redefining \pageref on input line 19.
LaTeX Info: Redefining \nameref on input line 19.

("D:\My_All_Doc\Abaut radio\_TransistorTester\Doc-BIN\Doku309\russian\ttinfo.ou
t")
("D:\My_All_Doc\Abaut radio\_TransistorTester\Doc-BIN\Doku309\russian\ttinfo.ou
t")
\@outlinefile=\write3
LaTeX Font Info:    Try loading font information for OT1+lmr on input line 28.
 ("C:\Program Files\MiKTeX 2.9\tex\latex\lm\ot1lmr.fd"
File: ot1lmr.fd 2009/10/30 v1.6 Font defs for Latin Modern
)<<ot1.cmap>>
LaTeX Font Info:    Try loading font information for OML+lmm on input line 28.

("C:\Program Files\MiKTeX 2.9\tex\latex\lm\omllmm.fd"
File: omllmm.fd 2009/10/30 v1.6 Font defs for Latin Modern
)<<oml.cmap>>
LaTeX Font Info:    Try loading font information for OMS+lmsy on input line 28.


("C:\Program Files\MiKTeX 2.9\tex\latex\lm\omslmsy.fd"
File: omslmsy.fd 2009/10/30 v1.6 Font defs for Latin Modern
)<<oms.cmap>>
LaTeX Font Info:    Try loading font information for OMX+lmex on input line 28.


("C:\Program Files\MiKTeX 2.9\tex\latex\lm\omxlmex.fd"
File: omxlmex.fd 2009/10/30 v1.6 Font defs for Latin Modern
)
LaTeX Font Info:    External font `lmex10' loaded for size
(Font)              <14.4> on input line 28.
<<omx.cmap>>
LaTeX Font Info:    External font `lmex10' loaded for size
(Font)              <10> on input line 28.
LaTeX Font Info:    External font `lmex10' loaded for size
(Font)              <7> on input line 28.
LaTeX Font Info:    Try loading font information for T2A+lmtt on input line 28.

LaTeX Font Info:    No file T2Almtt.fd. on input line 28.


LaTeX Font Warning: Font shape `T2A/lmtt/m/n' undefined
(Font)              using `T2A/cmr/m/n' instead on input line 28.

[1


Non-PDF special ignored!{C:/ProgramData/MiKTeX/2.9/pdftex/config/pdftex.map}]

LaTeX Font Warning: Font shape `T2A/lmr/bx/n' undefined
(Font)              using `T2A/lmr/m/n' instead on input line 28.


("D:\My_All_Doc\Abaut radio\_TransistorTester\Doc-BIN\Doku309\russian\ttinfo.to
c")
\tf@toc=\write4
pdfTeX warning (ext4): destination with the same identifier (name{page.1}) has 
been already used, duplicate ignored
<to be read again> 
                   \relax 
l.31 \include{BJT-transistors}
                               [1

]
("D:\My_All_Doc\Abaut radio\_TransistorTester\Doc-BIN\Doku309\russian\BJT-trans
istors.tex"
{\Russian \CYRG \cyrl \cyra \cyrv \cyra } 1.
Package epstopdf Info: Source file: <../FIG/BJT_BC640.eps>
(epstopdf)                    date: 2014-01-21 04:26:27
(epstopdf)                    size: 109512 bytes
(epstopdf)             Output file: <../FIG/BJT_BC640-eps-converted-to.pdf>
(epstopdf)                    date: 2014-01-21 04:26:27
(epstopdf)                    size: 9730 bytes
(epstopdf)             Command: <epstopdf --outfile=../FIG/BJT_BC640-eps-conver
ted-to.pdf ../FIG/BJT_BC640.eps>
(epstopdf)             \includegraphics on input line 8.
Package epstopdf Info: Output file is already uptodate.
<../FIG/BJT_BC640-eps-converted-to.pdf, id=32, 190.7125pt x 249.93375pt>
File: ../FIG/BJT_BC640-eps-converted-to.pdf Graphic file (type pdf)

<use ../FIG/BJT_BC640-eps-converted-to.pdf>
Package pdftex.def Info: ../FIG/BJT_BC640-eps-converted-to.pdf used on input li
ne 8.
(pdftex.def)             Requested size: 256.0748pt x 335.63408pt.
Package epstopdf Info: Source file: <../FIG/BJT_BC639.eps>
(epstopdf)                    date: 2014-01-21 04:26:27
(epstopdf)                    size: 109225 bytes
(epstopdf)             Output file: <../FIG/BJT_BC639-eps-converted-to.pdf>
(epstopdf)                    date: 2014-01-21 04:26:27
(epstopdf)                    size: 9891 bytes
(epstopdf)             Command: <epstopdf --outfile=../FIG/BJT_BC639-eps-conver
ted-to.pdf ../FIG/BJT_BC639.eps>
(epstopdf)             \includegraphics on input line 15.
Package epstopdf Info: Output file is already uptodate.

<../FIG/BJT_BC639-eps-converted-to.pdf, id=33, 185.69376pt x 243.91125pt>
File: ../FIG/BJT_BC639-eps-converted-to.pdf Graphic file (type pdf)

<use ../FIG/BJT_BC639-eps-converted-to.pdf>
Package pdftex.def Info: ../FIG/BJT_BC639-eps-converted-to.pdf used on input li
ne 15.
(pdftex.def)             Requested size: 256.0748pt x 336.36713pt.

Overfull \hbox (7.83144pt too wide) in paragraph at lines 6--19
[][]   [] 
 []

Package epstopdf Info: Source file: <../FIG/BJT_AD161.eps>
(epstopdf)                    date: 2014-01-21 04:26:27
(epstopdf)                    size: 277341 bytes
(epstopdf)             Output file: <../FIG/BJT_AD161-eps-converted-to.pdf>
(epstopdf)                    date: 2014-01-21 04:26:27
(epstopdf)                    size: 15342 bytes
(epstopdf)             Command: <epstopdf --outfile=../FIG/BJT_AD161-eps-conver
ted-to.pdf ../FIG/BJT_AD161.eps>
(epstopdf)             \includegraphics on input line 25.
Package epstopdf Info: Output file is already uptodate.
<../FIG/BJT_AD161-eps-converted-to.pdf, id=34, 410.53375pt x 216.81pt>
File: ../FIG/BJT_AD161-eps-converted-to.pdf Graphic file (type pdf)

<use ../FIG/BJT_AD161-eps-converted-to.pdf>
Package pdftex.def Info: ../FIG/BJT_AD161-eps-converted-to.pdf used on input li
ne 25.
(pdftex.def)             Requested size: 410.53275pt x 216.80946pt.
 [2


 <D:/My_All_Doc/Abaut radio/_TransistorTester/Doc-BIN/Doku309/FIG/BJT_BC640-eps
-converted-to.pdf> <D:/My_All_Doc/Abaut radio/_TransistorTester/Doc-BIN/Doku309
/FIG/BJT_BC639-eps-converted-to.pdf>]
Package epstopdf Info: Source file: <../FIG/BJT_AD162.eps>
(epstopdf)                    date: 2014-01-21 04:26:27
(epstopdf)                    size: 275165 bytes
(epstopdf)             Output file: <../FIG/BJT_AD162-eps-converted-to.pdf>
(epstopdf)                    date: 2014-01-21 04:26:27
(epstopdf)                    size: 15293 bytes
(epstopdf)             Command: <epstopdf --outfile=../FIG/BJT_AD162-eps-conver
ted-to.pdf ../FIG/BJT_AD162.eps>
(epstopdf)             \includegraphics on input line 33.
Package epstopdf Info: Output file is already uptodate.
 <../FIG/BJT_AD162-eps-converted-to.pdf, id=51, 416.55624pt x 223.83624pt>
File: ../FIG/BJT_AD162-eps-converted-to.pdf Graphic file (type pdf)

<use ../FIG/BJT_AD162-eps-converted-to.pdf>
Package pdftex.def Info: ../FIG/BJT_AD162-eps-converted-to.pdf used on input li
ne 33.
(pdftex.def)             Requested size: 416.55522pt x 223.8357pt.
Package epstopdf Info: Source file: <../FIG/BJT_BC516.eps>
(epstopdf)                    date: 2014-01-21 04:26:27
(epstopdf)                    size: 119376 bytes
(epstopdf)             Output file: <../FIG/BJT_BC516-eps-converted-to.pdf>
(epstopdf)                    date: 2014-01-21 04:26:27
(epstopdf)                    size: 10251 bytes
(epstopdf)             Command: <epstopdf --outfile=../FIG/BJT_BC516-eps-conver
ted-to.pdf ../FIG/BJT_BC516.eps>
(epstopdf)             \includegraphics on input line 41.
Package epstopdf Info: Output file is already uptodate.

<../FIG/BJT_BC516-eps-converted-to.pdf, id=52, 182.6825pt x 281.05pt>
File: ../FIG/BJT_BC516-eps-converted-to.pdf Graphic file (type pdf)

<use ../FIG/BJT_BC516-eps-converted-to.pdf>
Package pdftex.def Info: ../FIG/BJT_BC516-eps-converted-to.pdf used on input li
ne 41.
(pdftex.def)             Requested size: 256.0748pt x 394.01622pt.
Package epstopdf Info: Source file: <../FIG/BJT_BC517.eps>
(epstopdf)                    date: 2014-01-21 04:26:27
(epstopdf)                    size: 119334 bytes
(epstopdf)             Output file: <../FIG/BJT_BC517-eps-converted-to.pdf>
(epstopdf)                    date: 2014-01-21 04:26:27
(epstopdf)                    size: 10100 bytes
(epstopdf)             Command: <epstopdf --outfile=../FIG/BJT_BC517-eps-conver
ted-to.pdf ../FIG/BJT_BC517.eps>
(epstopdf)             \includegraphics on input line 48.
Package epstopdf Info: Output file is already uptodate.

<../FIG/BJT_BC517-eps-converted-to.pdf, id=53, 182.6825pt x 281.05pt>
File: ../FIG/BJT_BC517-eps-converted-to.pdf Graphic file (type pdf)

<use ../FIG/BJT_BC517-eps-converted-to.pdf>
Package pdftex.def Info: ../FIG/BJT_BC517-eps-converted-to.pdf used on input li
ne 48.
(pdftex.def)             Requested size: 256.0748pt x 394.01622pt.

Overfull \hbox (7.83144pt too wide) in paragraph at lines 39--52
[][]   [] 
 []

[3 <D:/My_All_Doc/Abaut radio/_TransistorTester/Doc-BIN/Doku309/FIG/BJT_AD161-e
ps-converted-to.pdf> <D:/My_All_Doc/Abaut radio/_TransistorTester/Doc-BIN/Doku3
09/FIG/BJT_AD162-eps-converted-to.pdf>]
Package epstopdf Info: Source file: <../FIG/BJT_BU508D.eps>
(epstopdf)                    date: 2014-01-21 20:39:55
(epstopdf)                    size: 171700 bytes
(epstopdf)             Output file: <../FIG/BJT_BU508D-eps-converted-to.pdf>
(epstopdf)                    date: 2014-01-21 20:39:55
(epstopdf)                    size: 11116 bytes
(epstopdf)             Command: <epstopdf --outfile=../FIG/BJT_BU508D-eps-conve
rted-to.pdf ../FIG/BJT_BU508D.eps>
(epstopdf)             \includegraphics on input line 57.
Package epstopdf Info: Output file is already uptodate.

<../FIG/BJT_BU508D-eps-converted-to.pdf, id=80, 235.88126pt x 199.74625pt>
File: ../FIG/BJT_BU508D-eps-converted-to.pdf Graphic file (type pdf)

<use ../FIG/BJT_BU508D-eps-converted-to.pdf>
Package pdftex.def Info: ../FIG/BJT_BU508D-eps-converted-to.pdf used on input l
ine 57.
(pdftex.def)             Requested size: 235.88068pt x 199.74576pt.
Package epstopdf Info: Source file: <../FIG/BJT_BDV64.eps>
(epstopdf)                    date: 2014-01-21 04:26:27
(epstopdf)                    size: 122036 bytes
(epstopdf)             Output file: <../FIG/BJT_BDV64-eps-converted-to.pdf>
(epstopdf)                    date: 2014-01-21 04:26:27
(epstopdf)                    size: 11597 bytes
(epstopdf)             Command: <epstopdf --outfile=../FIG/BJT_BDV64-eps-conver
ted-to.pdf ../FIG/BJT_BDV64.eps>
(epstopdf)             \includegraphics on input line 65.
Package epstopdf Info: Output file is already uptodate.

<../FIG/BJT_BDV64-eps-converted-to.pdf, id=81, 182.6825pt x 284.06125pt>
File: ../FIG/BJT_BDV64-eps-converted-to.pdf Graphic file (type pdf)

<use ../FIG/BJT_BDV64-eps-converted-to.pdf>
Package pdftex.def Info: ../FIG/BJT_BDV64-eps-converted-to.pdf used on input li
ne 65.
(pdftex.def)             Requested size: 256.0748pt x 398.23781pt.
Package epstopdf Info: Source file: <../FIG/BJT_BDV65.eps>
(epstopdf)                    date: 2014-01-21 04:26:27
(epstopdf)                    size: 121506 bytes
(epstopdf)             Output file: <../FIG/BJT_BDV65-eps-converted-to.pdf>
(epstopdf)                    date: 2014-01-21 04:26:27
(epstopdf)                    size: 11432 bytes
(epstopdf)             Command: <epstopdf --outfile=../FIG/BJT_BDV65-eps-conver
ted-to.pdf ../FIG/BJT_BDV65.eps>
(epstopdf)             \includegraphics on input line 72.
Package epstopdf Info: Output file is already uptodate.

<../FIG/BJT_BDV65-eps-converted-to.pdf, id=82, 182.6825pt x 284.06125pt>
File: ../FIG/BJT_BDV65-eps-converted-to.pdf Graphic file (type pdf)

<use ../FIG/BJT_BDV65-eps-converted-to.pdf>
Package pdftex.def Info: ../FIG/BJT_BDV65-eps-converted-to.pdf used on input li
ne 72.
(pdftex.def)             Requested size: 256.0748pt x 398.23781pt.

Overfull \hbox (7.83144pt too wide) in paragraph at lines 63--76
[][]   [] 
 []

) [4 <D:/My_All_Doc/Abaut radio/_TransistorTester/Doc-BIN/Doku309/FIG/BJT_BC516
-eps-converted-to.pdf> <D:/My_All_Doc/Abaut radio/_TransistorTester/Doc-BIN/Dok
u309/FIG/BJT_BC517-eps-converted-to.pdf> <D:/My_All_Doc/Abaut radio/_Transistor
Tester/Doc-BIN/Doku309/FIG/BJT_BU508D-eps-converted-to.pdf>] [5 <D:/My_All_Doc/
Abaut radio/_TransistorTester/Doc-BIN/Doku309/FIG/BJT_BDV64-eps-converted-to.pd
f> <D:/My_All_Doc/Abaut radio/_TransistorTester/Doc-BIN/Doku309/FIG/BJT_BDV65-e
ps-converted-to.pdf>]
("D:\My_All_Doc\Abaut radio\_TransistorTester\Doc-BIN\Doku309\russian\MOS-trans
istors.tex"
{\Russian \CYRG \cyrl \cyra \cyrv \cyra } 2.
Package epstopdf Info: Source file: <../FIG/MOS_BUZ71.eps>
(epstopdf)                    date: 2014-01-21 04:26:27
(epstopdf)                    size: 235653 bytes
(epstopdf)             Output file: <../FIG/MOS_BUZ71-eps-converted-to.pdf>
(epstopdf)                    date: 2014-01-21 04:26:27
(epstopdf)                    size: 12833 bytes
(epstopdf)             Command: <epstopdf --outfile=../FIG/MOS_BUZ71-eps-conver
ted-to.pdf ../FIG/MOS_BUZ71.eps>
(epstopdf)             \includegraphics on input line 8.
Package epstopdf Info: Output file is already uptodate.
<../FIG/MOS_BUZ71-eps-converted-to.pdf, id=125, 162.6075pt x 263.98625pt>
File: ../FIG/MOS_BUZ71-eps-converted-to.pdf Graphic file (type pdf)

<use ../FIG/MOS_BUZ71-eps-converted-to.pdf>
Package pdftex.def Info: ../FIG/MOS_BUZ71-eps-converted-to.pdf used on input li
ne 8.
(pdftex.def)             Requested size: 256.0748pt x 415.76039pt.
Package epstopdf Info: Source file: <../FIG/MOS_IRF5305.eps>
(epstopdf)                    date: 2014-01-21 04:26:27
(epstopdf)                    size: 223419 bytes
(epstopdf)             Output file: <../FIG/MOS_IRF5305-eps-converted-to.pdf>
(epstopdf)                    date: 2014-01-21 04:26:27
(epstopdf)                    size: 12923 bytes
(epstopdf)             Command: <epstopdf --outfile=../FIG/MOS_IRF5305-eps-conv
erted-to.pdf ../FIG/MOS_IRF5305.eps>
(epstopdf)             \includegraphics on input line 15.
Package epstopdf Info: Output file is already uptodate.

<../FIG/MOS_IRF5305-eps-converted-to.pdf, id=126, 162.6075pt x 260.975pt>
File: ../FIG/MOS_IRF5305-eps-converted-to.pdf Graphic file (type pdf)

<use ../FIG/MOS_IRF5305-eps-converted-to.pdf>
Package pdftex.def Info: ../FIG/MOS_IRF5305-eps-converted-to.pdf used on input 
line 15.
(pdftex.def)             Requested size: 256.0748pt x 411.0179pt.

Overfull \hbox (7.83144pt too wide) in paragraph at lines 6--19
[][]   [] 
 []

Package epstopdf Info: Source file: <../FIG/MOS_BSS169.eps>
(epstopdf)                    date: 2014-01-21 04:26:27
(epstopdf)                    size: 213941 bytes
(epstopdf)             Output file: <../FIG/MOS_BSS169-eps-converted-to.pdf>
(epstopdf)                    date: 2014-01-21 04:26:27
(epstopdf)                    size: 11790 bytes
(epstopdf)             Command: <epstopdf --outfile=../FIG/MOS_BSS169-eps-conve
rted-to.pdf ../FIG/MOS_BSS169.eps>
(epstopdf)             \includegraphics on input line 26.
Package epstopdf Info: Output file is already uptodate.
<../FIG/MOS_BSS169-eps-converted-to.pdf, id=127, 235.88126pt x 214.8025pt>
File: ../FIG/MOS_BSS169-eps-converted-to.pdf Graphic file (type pdf)

<use ../FIG/MOS_BSS169-eps-converted-to.pdf>
Package pdftex.def Info: ../FIG/MOS_BSS169-eps-converted-to.pdf used on input l
ine 26.
(pdftex.def)             Requested size: 235.88068pt x 214.80197pt.
 [6



 <D:/My_All_Doc/Abaut radio/_TransistorTester/Doc-BIN/Doku309/FIG/MOS_BUZ71-eps
-converted-to.pdf> <D:/My_All_Doc/Abaut radio/_TransistorTester/Doc-BIN/Doku309
/FIG/MOS_IRF5305-eps-converted-to.pdf>]
Package epstopdf Info: Source file: <../FIG/JFET_BF245.eps>
(epstopdf)                    date: 2014-01-21 04:26:27
(epstopdf)                    size: 110892 bytes
(epstopdf)             Output file: <../FIG/JFET_BF245-eps-converted-to.pdf>
(epstopdf)                    date: 2014-01-21 04:26:27
(epstopdf)                    size: 8131 bytes
(epstopdf)             Command: <epstopdf --outfile=../FIG/JFET_BF245-eps-conve
rted-to.pdf ../FIG/JFET_BF245.eps>
(epstopdf)             \includegraphics on input line 34.
Package epstopdf Info: Output file is already uptodate.

<../FIG/JFET_BF245-eps-converted-to.pdf, id=152, 170.6375pt x 169.63374pt>
File: ../FIG/JFET_BF245-eps-converted-to.pdf Graphic file (type pdf)

<use ../FIG/JFET_BF245-eps-converted-to.pdf>
Package pdftex.def Info: ../FIG/JFET_BF245-eps-converted-to.pdf used on input l
ine 34.
(pdftex.def)             Requested size: 256.0748pt x 254.58456pt.
Package epstopdf Info: Source file: <../FIG/JFET_J175.eps>
(epstopdf)                    date: 2014-01-21 04:26:27
(epstopdf)                    size: 110933 bytes
(epstopdf)             Output file: <../FIG/JFET_J175-eps-converted-to.pdf>
(epstopdf)                    date: 2014-01-21 04:26:27
(epstopdf)                    size: 7951 bytes
(epstopdf)             Command: <epstopdf --outfile=../FIG/JFET_J175-eps-conver
ted-to.pdf ../FIG/JFET_J175.eps>
(epstopdf)             \includegraphics on input line 41.
Package epstopdf Info: Output file is already uptodate.

<../FIG/JFET_J175-eps-converted-to.pdf, id=153, 165.61874pt x 169.63374pt>
File: ../FIG/JFET_J175-eps-converted-to.pdf Graphic file (type pdf)

<use ../FIG/JFET_J175-eps-converted-to.pdf>
Package pdftex.def Info: ../FIG/JFET_J175-eps-converted-to.pdf used on input li
ne 41.
(pdftex.def)             Requested size: 256.0748pt x 262.32129pt.

Overfull \hbox (7.83144pt too wide) in paragraph at lines 32--45
[][]   [] 
 []

) [7 <D:/My_All_Doc/Abaut radio/_TransistorTester/Doc-BIN/Doku309/FIG/MOS_BSS16
9-eps-converted-to.pdf> <D:/My_All_Doc/Abaut radio/_TransistorTester/Doc-BIN/Do
ku309/FIG/JFET_BF245-eps-converted-to.pdf> <D:/My_All_Doc/Abaut radio/_Transist
orTester/Doc-BIN/Doku309/FIG/JFET_J175-eps-converted-to.pdf>]

LaTeX Font Warning: Font shape `T2A/lmr/m/it' undefined
(Font)              using `T2A/lmr/m/n' instead on input line 42.

LaTeX Font Info:    External font `lmex10' loaded for size
(Font)              <12> on input line 62.
LaTeX Font Info:    External font `lmex10' loaded for size
(Font)              <8> on input line 62.
LaTeX Font Info:    External font `lmex10' loaded for size
(Font)              <6> on input line 62.

Underfull \hbox (badness 4479) in paragraph at lines 68--73
[]\T2A/lmtt/m/n/12 Wikipedia []$http : / / de . wikipedia . org / wiki / Equiva
lent _ Series _ Resistance$[] Erl-Þuterung zum
 []


Underfull \hbox (badness 3989) in paragraph at lines 81--85
[][]$\T2A/lmtt/m/n/12 http : / / docs . gimp . org / 2 . 6 / de$[] gimp documen
tation. Documentation of the GNU Image
 []


Underfull \hbox (badness 6944) in paragraph at lines 87--91
[][]$\T2A/lmtt/m/n/12 http : / / www . mikrocontroller . net / articles / AVR-[
]Transistortester$[] Online Dokumentation des
 []


Underfull \hbox (badness 5388) in paragraph at lines 93--97
[][]$\T2A/lmtt/m/n/12 http : / / www . mikrocontroller . net / articles / AVRDU
DE$[] Online Dokumentation des avrdude
 []


Underfull \hbox (badness 10000) in paragraph at lines 105--109
[][]$\T2A/lmtt/m/n/12 http : / / www . mikrocontroller . net / articles / AVR _
 Transistortester$[] Kurze
 []

Package atveryend Info: Empty hook `BeforeClearDocument' on input line 118.
[8


]
Package atveryend Info: Empty hook `AfterLastShipout' on input line 118.

("D:\My_All_Doc\Abaut radio\_TransistorTester\Doc-BIN\Doku309\russian\ttinfo.au
x"
("D:\My_All_Doc\Abaut radio\_TransistorTester\Doc-BIN\Doku309\russian\BJT-trans
istors.aux")
("D:\My_All_Doc\Abaut radio\_TransistorTester\Doc-BIN\Doku309\russian\MOS-trans
istors.aux"))
Package atveryend Info: Executing hook `AtVeryEndDocument' on input line 118.
Package atveryend Info: Executing hook `AtEndAfterFileList' on input line 118.
Package rerunfilecheck Info: File `ttinfo.out' has not changed.
(rerunfilecheck)             Checksum: BE3C2C4D01CFCA28D442B91D605574EE;640.


LaTeX Font Warning: Some font shapes were not available, defaults substituted.

Package atveryend Info: Empty hook `AtVeryVeryEnd' on input line 118.
 ) 
Here is how much of TeX's memory you used:
 10634 strings out of 493921
 157281 string characters out of 3147286
 214138 words of memory out of 3000000
 13684 multiletter control sequences out of 15000+200000
 33572 words of font info for 41 fonts, out of 3000000 for 9000
 841 hyphenation exceptions out of 8191
 42i,8n,39p,651b,474s stack positions out of 5000i,500n,10000p,200000b,50000s
{C:/Program Files/MiKTeX 2.9/fonts/enc/dvips/cm-super/cm-super-t2a.enc}<C:/Pr
ogram Files/MiKTeX 2.9/fonts/type1/public/cm-super/sfrm1095.pfb><C:/Program Fil
es/MiKTeX 2.9/fonts/type1/public/cm-super/sfrm1200.pfb><C:/Program Files/MiKTeX
 2.9/fonts/type1/public/cm-super/sfrm1440.pfb><C:/Program Files/MiKTeX 2.9/font
s/type1/public/cm-super/sfrm2074.pfb><C:/Program Files/MiKTeX 2.9/fonts/type1/p
ublic/cm-super/sfrm2488.pfb>
Output written on ttinfo.pdf (9 pages, 241120 bytes).
PDF statistics:
 228 PDF objects out of 1000 (max. 8388607)
 34 named destinations out of 1000 (max. 500000)
 111 words of extra memory for PDF output out of 10000 (max. 10000000)

