
optiboot.elf:     Dateiformat elf32-avr

Sektionen:
Idx Name          Size      VMA       LMA       File off  Algn
  0 .data         00000000  00800100  00003fee  00000262  2**0
                  CONTENTS, ALLOC, LOAD, DATA
  1 .version      00000002  00003ffe  00003ffe  00000262  2**0
                  CONTENTS, READONLY
  2 .text         000001ee  00003e00  00003e00  00000074  2**1
                  CONTENTS, ALLOC, LOAD, READONLY, CODE
  3 .stab         00000b28  00000000  00000000  00000264  2**2
                  CONTENTS, READONLY, DEBUGGING
  4 .stabstr      00000048  00000000  00000000  00000d8c  2**0
                  CONTENTS, READONLY, DEBUGGING

Disassembly of section .text:

00003e00 <__ctors_end>:
	.section .text
	.func optiboot
	.global optiboot

optiboot:
	cli
    3e00:	f8 94       	cli
	eor	r1, r1
    3e02:	11 24       	eor	r1, r1
   * still use the watchdog to reset the bootloader too.
   */

//#define marker (*(uint32_t *) (RAMEND - 16 - 3))

	AIN	r2, MCUCSR
    3e04:	24 b6       	in	r2, 0x34	; 52
;	clr	r1
	AOUT	MCUCSR, r1	; MCUCSR = 0
    3e06:	14 be       	out	0x34, r1	; 52
	AOUT	RESET_CAUSE, r2	; save reason of restart (MCUCSR) in IO register
    3e08:	2e ba       	out	0x1e, r2	; 30
#else		/* no FORCE_WATCHDOG */
  // save the reset flags in the designated register
  //  This can be saved in a main program by putting code in .init0 (which
  //  executes before normal c init code) to save R2 to a global variable.
 #if TEST_OUTPUT == 0
	ldi	r24, (1<<WDRF)|(1<<PORF)|(1<<BORF)  ;0x0D
    3e0a:	8d e0       	ldi	r24, 0x0D	; 13
	and	r24, r2		; r2 hold the reset reason , MCUCSR
    3e0c:	82 21       	and	r24, r2
		; none of the WatchDog, PowerOn or BrownOut reason ?
	breq	try_loader	; interrupt must be caused by a external reset
    3e0e:	29 f0       	breq	.+10     	; 0x3e1a <try_loader>

00003e10 <appStart>:
#if (defined(__AVR_ATtiny841__) || defined(__AVR_ATtiny441__) || defined(__AVR_ATtiny1634__)) && (WATCHDOG_TIME == WATCHDOG_OFF)
	ldi	r21, 0xD8	; special signature to change protected I/O register
	AOUT	CCP, r21
	AOUT	WDTCSR, r1	; clear watchdog timer
#else
	ldi	r20, WATCHDOG_TIME	; _OFF or _4S depending on FORCE_WATCHDOG
    3e10:	40 e0       	ldi	r20, 0x00	; 0
	rcall	watchdogConfig		; WATCHDOG_OFF (or _4S if FORCE_WATCHDOG)
    3e12:	e7 d0       	rcall	.+462    	; 0x3fe2 <watchdogConfig>

#ifdef	VIRTUAL_BOOT_PARTITION
	ldi	ZL, save_vect_addr/2		; // Jump to WDT vector (jmp or rjmp table)
	eor	ZH, ZH
#else
       	eor	ZL, ZL	; // Jump to RST vector	 0x0000
    3e14:	ee 27       	eor	r30, r30
      	eor	ZH, ZH
    3e16:	ff 27       	eor	r31, r31
#endif
       	ijmp
    3e18:	09 94       	ijmp

00003e1a <try_loader>:
	ldi	r20, WATCHDOG_1S	;0x0E
 #else
	ldi	r20, WATCHDOG_500MS	;
 #endif
#else
	ldi	r20, WATCHDOG_1S	;0x0E	(default value)
    3e1a:	4e e0       	ldi	r20, 0x0E	; 14
#endif
	rcall	watchdogConfig
    3e1c:	e2 d0       	rcall	.+452    	; 0x3fe2 <watchdogConfig>
#endif

#if FLASHEND > 0x1ffff
	clr	r3			; reset mode
#endif
	ldi	r18, lo8(RAMSTART)	; r18:r19 = RAMSTART
    3e1e:	20 e0       	ldi	r18, 0x00	; 0
	ldi	r19, hi8(RAMSTART)	; 
    3e20:	31 e0       	ldi	r19, 0x01	; 1

00003e22 <next_try>:
 ; we can write the upper BAUD_DIV to register UART_SRC
 #define UART_SRRH UART_SRC
#endif

next_try:
	wdr				; watchdog timer reset
    3e22:	a8 95       	wdr

00003e24 <wt_rx0low>:
wt_rx0low:
#if INVERSE_UART > 0
	ASBIC	UART_RX_PIN, UART_RX_BIT	; Look if RX is still high
#else
	ASBIS	UART_RX_PIN, UART_RX_BIT	; Look if RX is still low
    3e24:	48 9b       	sbis	0x09, 0	; 9
#endif
	rjmp	wt_rx0low			; wait for at least one 1 read
    3e26:	fe cf       	rjmp	.-4      	; 0x3e24 <wt_rx0low>

00003e28 <RX_was_high>:
#if !defined(TIFR1) && defined(TIFR)
 #define TIFR1 TIFR
#endif

#if SOFT_UART == 0
	ldi	r24, (1<<U2X0)		; UART double speed mode
    3e28:	82 e0       	ldi	r24, 0x02	; 2
	AOUT	UART_SRA, r24
    3e2a:	80 93 c0 00 	sts	0x00C0, r24	; 0x8000c0 <__TEXT_REGION_LENGTH__+0x7e00c0>
	ldi	r23, (1<<UART_SEL)|(TWO_STOP_BITS<<USBS0)|(1<<UCSZ01)|(1<<UCSZ00)	;config UART U8N2
	AOUT	UART_SRC, r23
 #else
    /* no ATmega8_16_32 */
  #ifndef __AVR_ATmega163__
	ldi	r23, (TWO_STOP_BITS<<USBS0)|(1<<UCSZ00)|(1<<UCSZ01)	;config UART U8N2
    3e2e:	76 e0       	ldi	r23, 0x06	; 6
	AOUT	UART_SRC, r23
    3e30:	70 93 c2 00 	sts	0x00C2, r23	; 0x8000c2 <__TEXT_REGION_LENGTH__+0x7e00c2>
 #endif	/* defined(UART_SRC) && defined(UART_SEL) */
#endif

  ; use the 16-Bit counter to measure Baud time
  ; prepare the counter 1
	AOUT	CNT16_CCRB, r1		; Stop counter 1 
    3e34:	10 92 81 00 	sts	0x0081, r1	; 0x800081 <__TEXT_REGION_LENGTH__+0x7e0081>
#if (BAUD_RATE < 60) && (SOFT_UART == 0)
	ldi	r24, -1
    3e38:	8f ef       	ldi	r24, 0xFF	; 255
	AOUT	CNT16_CNTH, r24		; set initial counter to -1
    3e3a:	80 93 85 00 	sts	0x0085, r24	; 0x800085 <__TEXT_REGION_LENGTH__+0x7e0085>
	AOUT	CNT16_CNTL, r24
    3e3e:	80 93 84 00 	sts	0x0084, r24	; 0x800084 <__TEXT_REGION_LENGTH__+0x7e0084>

00003e42 <wt_rx0s>:
; wait, if the UART-RX-Bit is low
wt_rx0s:
 #if INVERSE_UART > 0
	ASBIS	UART_RX_PIN, UART_RX_BIT	; Look if RX is still low, INVERSE
 #else
	ASBIC	UART_RX_PIN, UART_RX_BIT	; Look if RX is still high
    3e42:	48 99       	sbic	0x09, 0	; 9
 #endif
	rjmp	wt_rx0s
    3e44:	fe cf       	rjmp	.-4      	; 0x3e42 <wt_rx0s>
	; Position 4: 1B+Delay
	; I see no easy way to prevent the wrong baud-rate detection for each
	; of the possible start conditions. So we check here only a upper time limit
	; for the position 4 for saving flash memory (BAUD_RATE > 49).
	; A full plausibility check is done for a Boot-Page size of more than 512 Byte.
	ldi	r24, START_COUNTER_COMMAND	; start command for counter with /8 scaler or full speed
    3e46:	82 e0       	ldi	r24, 0x02	; 2

00003e48 <wt_rx1s>:
wt_rx1s:
 #if INVERSE_UART > 0
	ASBIC	UART_RX_PIN, UART_RX_BIT	; Look if RX is still high
 #else
	ASBIS	UART_RX_PIN, UART_RX_BIT	; Look if RX is still low
    3e48:	48 9b       	sbis	0x09, 0	; 9
 #endif
	rjmp	wt_rx1s
    3e4a:	fe cf       	rjmp	.-4      	; 0x3e48 <wt_rx1s>
	; begin of first "1" data bit is found after S0000, if it was a STK_GET_SYNC, 0x30
	AOUT	CNT16_CCRB, r24		; Start counter 1 with /8 scaler
    3e4c:	80 93 81 00 	sts	0x0081, r24	; 0x800081 <__TEXT_REGION_LENGTH__+0x7e0081>
 #if BAUD_RATE > 49
	; the optional time-limit check is only done, if the BAUD_RATE is set > 49 
  #if TIFR1 < (0x20 + __SFR_OFFSET)
	sbi	_SFR_IO_ADDR(TIFR1), TOVFLAG	; Clear Timer OV Flag
    3e50:	b0 9a       	sbi	0x16, 0	; 22

00003e52 <wt_rx0bs>:
	AOUT	TIFR1, r26		; clear Compare A Flag
  #endif
 #endif	/* BAUD_RATE > 49 */
wt_rx0bs:
 #if BAUD_RATE > 49
	ASBIC	TIFR1, TOVFLAG	; Look if time limit is reached, OV Flag
    3e52:	b0 99       	sbic	0x16, 0	; 22
	rjmp	next_try		; upper limit for 2x Baud-time is reached
    3e54:	e6 cf       	rjmp	.-52     	; 0x3e22 <next_try>
 #endif
 #if INVERSE_UART > 0
	ASBIS	UART_RX_PIN, UART_RX_BIT	; Look if RX is still low
 #else
	ASBIC	UART_RX_PIN, UART_RX_BIT	; Look if RX is still high
    3e56:	48 99       	sbic	0x09, 0	; 9
 #endif
	rjmp	wt_rx0bs
    3e58:	fc cf       	rjmp	.-8      	; 0x3e52 <wt_rx0bs>
	AIN	r24, CNT16_CNTL			; read counter after second '1' bit is finished
    3e5a:	80 91 84 00 	lds	r24, 0x0084	; 0x800084 <__TEXT_REGION_LENGTH__+0x7e0084>
	AIN	r25, CNT16_CNTH
    3e5e:	90 91 85 00 	lds	r25, 0x0085	; 0x800085 <__TEXT_REGION_LENGTH__+0x7e0085>

00003e62 <wt_rx1bs>:
 ; Transmission of byte is not finished, we must wait for last two "0" Bits
wt_rx1bs:
 #if INVERSE_UART > 0
	ASBIC	UART_RX_PIN, UART_RX_BIT	; Look if RX is still high
 #else
	ASBIS	UART_RX_PIN, UART_RX_BIT	; Look if RX is still low
    3e62:	48 9b       	sbis	0x09, 0	; 9
 #endif
	rjmp	wt_rx1bs
    3e64:	fe cf       	rjmp	.-4      	; 0x3e62 <wt_rx1bs>
	; because we have measured the time of two bits,
	; we must divide by 2 and subtract 1 to get the final UBRR
	; ((two_bit_time + 1) / 2) - 1  is equal to
	; (two_bit_time - 1) / 2 , the -1 is done by preset of counter! 
	; The -1 is done with counter preset to -1
	lsr	r25
    3e66:	96 95       	lsr	r25
	ror	r24		; rotate through carry
    3e68:	87 95       	ror	r24
	; now we can start the UART
	AOUT	UART_SRRL, r24		; set the UART divider
    3e6a:	80 93 c4 00 	sts	0x00C4, r24	; 0x8000c4 <__TEXT_REGION_LENGTH__+0x7e00c4>
	AOUT	UART_SRRH, r25
    3e6e:	90 93 c5 00 	sts	0x00C5, r25	; 0x8000c5 <__TEXT_REGION_LENGTH__+0x7e00c5>

#if SOFT_UART == 0
 #ifdef UART_ONE_WIRE
	ldi	r24, (1<<RXEN0)		;0x10	
 #else
	ldi	r24, (1<<RXEN0)|(1<<TXEN0)	;0x18	
    3e72:	88 e1       	ldi	r24, 0x18	; 24
 #endif
	AOUT	UART_SRB, r24
    3e74:	80 93 c1 00 	sts	0x00C1, r24	; 0x8000c1 <__TEXT_REGION_LENGTH__+0x7e00c1>
#endif

#if TEST_OUTPUT == 1
	rjmp	test_out	; output 'U'= S10101010P for speed measuring
#else
	rjmp	ver_put		;  rcall verifySpace; rjmp put_ok
    3e78:	7e c0       	rjmp	.+252    	; 0x3f76 <ver_put>

00003e7a <get_nextp>:

;=-=-=-=-=-=-=-=-=-=-=-=-=-=-=-=-=-=-=-=-=-=-=-=-=-=-=-=-=-
  /* Forever loop */
;=-=-=-=-=-=-=-=-=-=-=-=-=-=-=-=-=-=-=-=-=-=-=-=-=-=-=-=-=-
get_nextp:
	rcall	getch
    3e7a:	8f d0       	rcall	.+286    	; 0x3f9a <getch>
;=-=-=-=-=-=-=-=-=-=-=-=-=-=-=-=-=-=-=-=-=-=-=-=-=-=-=-=-=-
	cpi	r24, STK_GET_PARAMETER		; 'A' 0x41
    3e7c:	81 34       	cpi	r24, 0x41	; 65
	brne	fin_get_par
    3e7e:	61 f4       	brne	.+24     	; 0x3e98 <ck_SET_DEV>
// handle get parameter instruction
	rcall	getch		; get parameter byte
    3e80:	8c d0       	rcall	.+280    	; 0x3f9a <getch>
	mov	r21, r24	; move parameter to r21
    3e82:	58 2f       	mov	r21, r24
	rcall	verifySpace	; check Sync_CRC_EOP, putch(STK_INSYNC)
    3e84:	7d d0       	rcall	.+250    	; 0x3f80 <verifySpace>

 	ldi	r24, OPTIBOOT_MINVER	; 	
    3e86:	83 e0       	ldi	r24, 0x03	; 3
	cpi	r21, STK_SW_MINOR	; Parm_STK_SW_MINOR (0x82)
    3e88:	52 38       	cpi	r21, 0x82	; 130
	breq	to_putch	; rcall putch, rjmp put_ok
    3e8a:	21 f0       	breq	.+8      	; 0x3e94 <to_putch>
	ldi	r24, 0x03	; answer generic 0x03
    3e8c:	83 e0       	ldi	r24, 0x03	; 3
	cpi	r21, STK_SW_MAJOR	; Parm_STK_SW_MAJOR (0x81)
    3e8e:	51 38       	cpi	r21, 0x81	; 129
	brne	to_putch	; rcall putch, rjmp put_ok
    3e90:	09 f4       	brne	.+2      	; 0x3e94 <to_putch>
	ldi	r24, OPTIBOOT_MAJVER+OPTIBOOT_CUSTOMVER
    3e92:	84 e7       	ldi	r24, 0x74	; 116

00003e94 <to_putch>:
to_putch:
       	rcall	putch		; answer MINVER or MAJVER+CUSTOMVER or 0x03
    3e94:	7a d0       	rcall	.+244    	; 0x3f8a <ptch1>
	rjmp	put_ok		; putch(STK_OK); rjmp get_nextp
    3e96:	5c c0       	rjmp	.+184    	; 0x3f50 <put_ok>

00003e98 <ck_SET_DEV>:
	rjmp	put_ok		; putch(STK_OK); rjmp get_nextp
no_read_lock:
 #endif
#endif	/* SUPPORT_READ_FUSES */
ck_SET_DEV:
	ldi	r20, 20
    3e98:	44 e1       	ldi	r20, 0x14	; 20
;=-=-=-=-=-=-=-=-=-=-=-=-=-=-=-=-=-=-=-=-=-=-=-=-=-=-=-=-=-
	cpi	r24, STK_SET_DEVICE		; 'B'
    3e9a:	82 34       	cpi	r24, 0x42	; 66
       	breq	to_getNch	; STK set device is ignored
    3e9c:	19 f0       	breq	.+6      	; 0x3ea4 <to_getNch>
	ldi	r20, 5
    3e9e:	45 e0       	ldi	r20, 0x05	; 5
;=-=-=-=-=-=-=-=-=-=-=-=-=-=-=-=-=-=-=-=-=-=-=-=-=-=-=-=-=-
   	cpi	r24, STK_SET_DEVICE_EXT		; 'E'
    3ea0:	85 34       	cpi	r24, 0x45	; 69
	brne	ck_LA
    3ea2:	11 f4       	brne	.+4      	; 0x3ea8 <ck_LA>

00003ea4 <to_getNch>:
; STK set device or STK set device ext is ignored
to_getNch:
	rcall	getNch		; ignore r20 count (20 or 5) parameters
    3ea4:	6a d0       	rcall	.+212    	; 0x3f7a <getNch>

00003ea6 <to_put_ok>:
to_put_ok:
	rjmp	put_ok		; putch(STK_OK); rjmp get_nextp
    3ea6:	54 c0       	rjmp	.+168    	; 0x3f50 <put_ok>

00003ea8 <ck_LA>:
;=-=-=-=-=-=-=-=-=-=-=-=-=-=-=-=-=-=-=-=-=-=-=-=-=-=-=-=-=-
ck_LA:
	cpi	r24, STK_LOAD_ADDRESS		; 'U'
    3ea8:	85 35       	cpi	r24, 0x55	; 85
   	brne	ck_UNI
    3eaa:	41 f4       	brne	.+16     	; 0x3ebc <ck_UNI>
; **** STK load address
	rcall	getch		; lower address bits
    3eac:	76 d0       	rcall	.+236    	; 0x3f9a <getch>
	mov	r4, r24
    3eae:	48 2e       	mov	r4, r24
	rcall	getch		; upper address bits
    3eb0:	74 d0       	rcall	.+232    	; 0x3f9a <getch>
	mov	r5, r24		; r4:5 is load address
    3eb2:	58 2e       	mov	r5, r24
#if defined(EEprom_ByteAddress)
	movw	ZL, r4		; save original address in r30:r31
#endif
	add	r4, r4		; newAddress << 1
    3eb4:	44 0c       	add	r4, r4
	adc	r5, r5		; make word address to byte address
    3eb6:	55 1c       	adc	r5, r5
#if !defined(EEprom_ByteAddress)
	movw	ZL, r4		; save original address in r30:r31
    3eb8:	f2 01       	movw	r30, r4
	adc	r1, r1
	AOUT	RAMPZ, r1
	eor	r1, r1		; restore default zero value for r1
 #endif
#endif
	rjmp	ver_put 	; rcall verifySpace; rjmp put_ok
    3eba:	5d c0       	rjmp	.+186    	; 0x3f76 <ver_put>

00003ebc <ck_UNI>:
;=-=-=-=-=-=-=-=-=-=-=-=-=-=-=-=-=-=-=-=-=-=-=-=-=-=-=-=-=-
ck_UNI:
       	cpi	r24, STK_UNIVERSAL 	; 'V'
    3ebc:	86 35       	cpi	r24, 0x56	; 86
       	brne	ck_PP
    3ebe:	21 f4       	brne	.+8      	; 0x3ec8 <ck_PP>
	rcall	verifySpace
	ldi	r24,0
	rcall	putch
	rjmp	rjmp put_ok
#else
	ldi	r20, 4		; getNch(4)
    3ec0:	44 e0       	ldi	r20, 0x04	; 4
	rcall	getNch
    3ec2:	5b d0       	rcall	.+182    	; 0x3f7a <getNch>
 	ldi	r24, 0
    3ec4:	80 e0       	ldi	r24, 0x00	; 0
	rjmp	to_putch	; rcall putch, rjmp put_ok
    3ec6:	e6 cf       	rjmp	.-52     	; 0x3e94 <to_putch>

00003ec8 <ck_PP>:
#endif
;=-=-=-=-=-=-=-=-=-=-=-=-=-=-=-=-=-=-=-=-=-=-=-=-=-=-=-=-=-
ck_PP:
  	cpi	r24, STK_PROG_PAGE 	; 'd'
    3ec8:	84 36       	cpi	r24, 0x64	; 100
	breq	is_PROG
    3eca:	09 f0       	breq	.+2      	; 0x3ece <is_PROG>
	rjmp	ck_READP
    3ecc:	2e c0       	rjmp	.+92     	; 0x3f2a <ck_READP>

00003ece <is_PROG>:
#if FLASHEND > 0x1ffff
	rcall	check_mode_change
#endif
    // Check for Mode change. If other mode before, clear RAMPZ
    /* Write memory, length is big endian and is in bytes */
	rcall	get_length	; r16:r17  and r26:r27 is length, r6=r24= type-'E'
    3ece:	74 d0       	rcall	.+232    	; 0x3fb8 <get_length>

    // PROGRAM PAGE - we support flash and optional EEPROM programming
; - - - - - - - - - - - - - - - - - - - - - - - - - - - - -
//#if (SUPPORT_EEPROM > 0) && (NRWWSTART != 0)
#if (NRWWSTART != 0)
    	breq	no_pg_erase	; if (type)
    3ed0:	21 f0       	breq	.+8      	; 0x3eda <no_pg_erase>
#endif
#if NRWWSTART != 0
  ; if NRWWSTART is zero, no RWW section is present. Never erase the page
  ; at this early state.
	ldi	r24, hi8(NRWWSTART) ; 0x70
    3ed2:	88 e3       	ldi	r24, 0x38	; 56
	cp	r5, r24		; lo8(NRWWSTART) is allways zero
    3ed4:	58 16       	cp	r5, r24
	brsh	no_pg_erase	; if (address < NRWWSTART)
    3ed6:	08 f4       	brcc	.+2      	; 0x3eda <no_pg_erase>
 // If we are in RWW section, immediately start page erase
	rcall	boot_page_erase
    3ed8:	7c d0       	rcall	.+248    	; 0x3fd2 <boot_page_erase>

00003eda <no_pg_erase>:
 // While that is going on, read in page contents
#endif

no_pg_erase:
; - - - - - - - - - - - - - - - - - - - - - - - - - - - - -
	movw	YL, r18		; buf16Ptr (r28:r29) = RAMSTART
    3eda:	e9 01       	movw	r28, r18

00003edc <fill_buf>:
fill_buf:
	rcall	getch		; call next data from serial
    3edc:	5e d0       	rcall	.+188    	; 0x3f9a <getch>
	st	Y+, r24		; *bufPtr++ = getch()
    3ede:	89 93       	st	Y+, r24
	sbiw	r26, 1		; length = length - 1
    3ee0:	11 97       	sbiw	r26, 0x01	; 1
	brne	fill_buf
    3ee2:	e1 f7       	brne	.-8      	; 0x3edc <fill_buf>
	movw	r26, r16	; set length back to start value
    3ee4:	d8 01       	movw	r26, r16
	movw	YL, r18		; buf16Ptr (r28:r29) = RAMSTART
    3ee6:	e9 01       	movw	r28, r18

	; SRAM of ATmega is filled with data
	rcall	verifySpace	; check Sync_CRC_EOP, putch(STK_INSYNC)
    3ee8:	4b d0       	rcall	.+150    	; 0x3f80 <verifySpace>
#if SUPPORT_EEPROM > 0
	cpse	r6, r1		; r6 == 0, is EEprom write
    3eea:	61 10       	cpse	r6, r1
	rjmp	write_flash	; if (!type)
    3eec:	09 c0       	rjmp	.+18     	; 0x3f00 <write_flash>

00003eee <ee_wrlop>:

; is EEprom write
; the address is allŕeady set in Z
ee_wrlop:
     	wdr		; watchdogReset();
    3eee:	a8 95       	wdr
	ld	r24, Y+			; *bufPtr++
    3ef0:	89 91       	ld	r24, Y+
 #if defined(VIRTUAL_BOOT_PARTITION)
	rcall	wr_eeprom
 #else
 /* eeprom write is done only here, therefore without a rcall to save flash */
	rcall	set_eeprom_adr	; Z+
    3ef2:	5c d0       	rcall	.+184    	; 0x3fac <set_eeprom_adr>
	AOUT	EEDR, r24	; data to EEprom controller
    3ef4:	80 bd       	out	0x20, r24	; 32
	ASBI	EECR, EEMPE
    3ef6:	fa 9a       	sbi	0x1f, 2	; 31
	ASBI	EECR, EEPE	; /* Start eeprom write by setting EEPE */
    3ef8:	f9 9a       	sbi	0x1f, 1	; 31
 #endif 	/* VIRTUAL_BOOT_PARTITION */

	sbiw	r26, 1		; length = length - 1
    3efa:	11 97       	sbiw	r26, 0x01	; 1
	brne	ee_wrlop
    3efc:	c1 f7       	brne	.-16     	; 0x3eee <ee_wrlop>
	; eeprom write is finished
	rjmp	put_ok		; putch(STK_OK); rjmp get_nextp
    3efe:	28 c0       	rjmp	.+80     	; 0x3f50 <put_ok>

00003f00 <write_flash>:

; - - - - - - - - - - - - - - - - - - - - - - - - - - - - -
write_flash:
#if NRWWSTART != 0
  ; If NRWWSTART is zero, boot_page_erase must be called every time here!
	ldi	r24, hi8(NRWWSTART) ; 0x70
    3f00:	88 e3       	ldi	r24, 0x38	; 56
	cp	r5, r24			; hi8(NRWWSTART) lo8(NRWWSTART) is allways zero
    3f02:	58 16       	cp	r5, r24
	brlo	no_erase1
    3f04:	08 f0       	brcs	.+2      	; 0x3f08 <no_erase1>
        // Todo: Take RAMPZ into account (not doing so just means that we will
        //  treat the top of both "pages" of flash as NRWW, for a slight speed
        //  decrease, so fixing this is not urgent.)
#endif

	rcall	boot_page_erase
    3f06:	65 d0       	rcall	.+202    	; 0x3fd2 <boot_page_erase>

00003f08 <no_erase1>:
no_erase1:
        // If only a partial page is to be programmed, the erase might not be complete.
        // So check that here
	rcall	wait_flash_ready
    3f08:	60 d0       	rcall	.+192    	; 0x3fca <wait_flash_ready>
no_patch1:
#endif		/* VIRTUAL_BOOT_PARTITION */

;     Fill the programming buffer
;     ---------------------------
	movw	ZL, r4		; addrPtr = address
    3f0a:	f2 01       	movw	r30, r4

00003f0c <wr_lop1>:
#if FLASHEND > 0x1ffff
	AIN	r21, RAMPZ	; save old RAMPZ
#endif
;	buf16Ptr (r28:r29) = RAMSTART
wr_lop1:
    	ld	r0, Y+		; *buf16Ptr++
    3f0c:	09 90       	ld	r0, Y+
	ld	r1, Y+
    3f0e:	19 90       	ld	r1, Y+
	ldi	r20, (1<<SELFPRGEN)
    3f10:	41 e0       	ldi	r20, 0x01	; 1
	; r0:r1 is data, Z r30:r31 is address, probably RAMPZ is also set
	rcall	do_spm		; AOUT SPMCSR, r20 ; spm
    3f12:	61 d0       	rcall	.+194    	; 0x3fd6 <do_spm>
	eor	r1, r1
    3f14:	11 24       	eor	r1, r1
	adiw	ZL, 2		; increment address
    3f16:	32 96       	adiw	r30, 0x02	; 2
#if FLASHEND > 0x1ffff
	adc	r21, r1		; increment the RAMPZ content
#endif
	sbiw	r26, 2		; length = length - 2
    3f18:	12 97       	sbiw	r26, 0x02	; 2
	brne	wr_lop1
    3f1a:	c1 f7       	brne	.-16     	; 0x3f0c <wr_lop1>

	movw	ZL, r4		; addrPtr = address
    3f1c:	f2 01       	movw	r30, r4
#if defined(__AVR_ATtiny48__) || defined(__AVR_ATtiny88__)
	andi	ZL, 0xc0	; make shure a zero Z5:1 for ATtiny48/88, 64 Byte Flash
#endif
        // Write from programming buffer
        // -----------------------------
	ldi	r20, (1<<PGWRT)|(1<<SELFPRGEN)	; 0x05	
    3f1e:	45 e0       	ldi	r20, 0x05	; 5
	rcall	do_spm		; AOUT SPMCSR, r20 ; spm
    3f20:	5a d0       	rcall	.+180    	; 0x3fd6 <do_spm>
	rcall	wait_flash_ready
    3f22:	53 d0       	rcall	.+166    	; 0x3fca <wait_flash_ready>
#if defined(RWWSRE)
       // Reenable read access to flash
	ldi	r20, (1<<RWWSRE)|(1<<SELFPRGEN)	; 0x11	
    3f24:	41 e1       	ldi	r20, 0x11	; 17
	rcall	do_spm		; AOUT SPMCSR, r20 ; spm
    3f26:	57 d0       	rcall	.+174    	; 0x3fd6 <do_spm>
	rcall	wr_eeprom
        ; Now we have saved the original save_vector address to the last two EEproms.
	; The save_vector has now the original address from the reset vector and
	; the reset vector now jmp to the bootloader.
#endif
	rjmp	put_ok		; putch(STK_OK); rjmp get_nextp
    3f28:	13 c0       	rjmp	.+38     	; 0x3f50 <put_ok>

00003f2a <ck_READP>:
;=-=-=-=-=-=-=-=-=-=-=-=-=-=-=-=-=-=-=-=-=-=-=-=-=-=-=-=-=-
ck_READP:
      	cpi	r24, STK_READ_PAGE	; 't'
    3f2a:	84 37       	cpi	r24, 0x74	; 116
	brne   	ck_READS
    3f2c:	a1 f4       	brne	.+40     	; 0x3f56 <ck_READS>
#if FLASHEND > 0x1ffff
	rcall	check_mode_change
#endif
    /* Read memory block mode, length is big endian.  */
	rcall	get_length	; r16:r17  and r26:r27 is length, r6=r24= type-'E'
    3f2e:	44 d0       	rcall	.+136    	; 0x3fb8 <get_length>
     // READ PAGE - we only read flash and optional EEPROM
	rcall	verifySpace	; check Sync_CRC_EOP, putch(STK_INSYNC)
    3f30:	27 d0       	rcall	.+78     	; 0x3f80 <verifySpace>
;	TODO: putNch()

#if SUPPORT_EEPROM > 0
	tst	r6		; check if type was 'E'
    3f32:	66 20       	and	r6, r6
	brne	flash_read
    3f34:	39 f4       	brne	.+14     	; 0x3f44 <flash_read>

00003f36 <ee_rd_lop2>:
;     must be EEprom read
; read EEprom, the Address is allready set in Z
ee_rd_lop2:
	sbiw	r26, 1		; length-1
    3f36:	11 97       	sbiw	r26, 0x01	; 1
	brcs	next_adr_put_ok	;
    3f38:	50 f0       	brcs	.+20     	; 0x3f4e <next_adr_put_ok>
 #ifdef VIRTUAL_BOOT_PARTITION
	rcall	rd_eeprom	; Z+
 #else
  /* EEprom read is only required here without the VIRTUAL_BOOT_PARTITION */
  /* Therefore is is used without a rcall directly                        */
	rcall 	set_eeprom_adr	; Z+
    3f3a:	38 d0       	rcall	.+112    	; 0x3fac <set_eeprom_adr>
	ASBI	EECR, EERE
    3f3c:	f8 9a       	sbi	0x1f, 0	; 31
	AIN	r24, EEDR		; read data from EEprom
    3f3e:	80 b5       	in	r24, 0x20	; 32
 #endif
	rcall	putch
    3f40:	24 d0       	rcall	.+72     	; 0x3f8a <ptch1>
	rjmp	ee_rd_lop2
    3f42:	f9 cf       	rjmp	.-14     	; 0x3f36 <ee_rd_lop2>

00003f44 <flash_read>:
#endif

; - - - - - - - - - - - - - - - - - - - - - - - - - - - - -
;	read flash
flash_read:
	movw	ZL, r4		; Z = addrPtr = address
    3f44:	f2 01       	movw	r30, r4

00003f46 <flash_rd_lop>:
          //      do putch(pgm_read_byte_near(address++));
          //      while (--length);
          // read a Flash and increment the address (may increment RAMPZ)
	elpm	r24, Z+
#else
	lpm	r24, Z+
    3f46:	85 91       	lpm	r24, Z+
	mov	r21, r25	; save second byte
	rcall	putch
	mov	r24, r21
#endif		/* VIRTUAL_BOOT_PARTITION */

	rcall	putch
    3f48:	20 d0       	rcall	.+64     	; 0x3f8a <ptch1>
	sbiw	r26, LenDecrement	; length - 1 or 2 bytes for VIRTUAL_BOOT_PARTITION
    3f4a:	11 97       	sbiw	r26, 0x01	; 1
	brne	flash_rd_lop
    3f4c:	e1 f7       	brne	.-8      	; 0x3f46 <flash_rd_lop>

00003f4e <next_adr_put_ok>:
next_adr_put_ok:
	movw	r4, ZL		; new address  ???
    3f4e:	2f 01       	movw	r4, r30

00003f50 <put_ok>:
put_ok:
     	ldi	r24, STK_OK	; 0x10
    3f50:	80 e1       	ldi	r24, 0x10	; 16
       	rcall	putch
    3f52:	1b d0       	rcall	.+54     	; 0x3f8a <ptch1>

00003f54 <to_get_nextp>:
to_get_nextp:
       	rjmp	get_nextp
    3f54:	92 cf       	rjmp	.-220    	; 0x3e7a <get_nextp>

00003f56 <ck_READS>:

;=-=-=-=-=-=-=-=-=-=-=-=-=-=-=-=-=-=-=-=-=-=-=-=-=-=-=-=-=-
ck_READS:
     	cpi	r24, STK_READ_SIGN	; 'u'
    3f56:	85 37       	cpi	r24, 0x75	; 117
	brne	ck_EOP
    3f58:	41 f4       	brne	.+16     	; 0x3f6a <ck_EOP>
	brne	ck_LEAVE
    3f5a:	49 f4       	brne	.+18     	; 0x3f6e <ck_LEAVE>
;	READ SIGN - return what Avrdude wants to hear
	rcall	verifySpace	; check Sync_CRC_EOP, putch(STK_INSYNC)
    3f5c:	11 d0       	rcall	.+34     	; 0x3f80 <verifySpace>
	ldi	r24, SIGNATURE_0
    3f5e:	8e e1       	ldi	r24, 0x1E	; 30
	rcall	putch
    3f60:	14 d0       	rcall	.+40     	; 0x3f8a <ptch1>
	ldi	r24, SIGNATURE_1
    3f62:	84 e9       	ldi	r24, 0x94	; 148
	rcall	putch
    3f64:	12 d0       	rcall	.+36     	; 0x3f8a <ptch1>
	ldi	r24, SIGNATURE_2
    3f66:	86 e0       	ldi	r24, 0x06	; 6
	rjmp	to_putch	; rcall putch, rjmp put_ok
    3f68:	95 cf       	rjmp	.-214    	; 0x3e94 <to_putch>

00003f6a <ck_EOP>:
;=-=-=-=-=-=-=-=-=-=-=-=-=-=-=-=-=-=-=-=-=-=-=-=-=-=-=-=-=-
ck_EOP:
			; avrdude send a STK_GET_SYNC followed by CRC_EOP
			; if the STK_GET_SYNC is loose out, the CRC_EOP is detected as last character
	cpi	r24, CRC_EOP			; ' ' 0x20
    3f6a:	80 32       	cpi	r24, 0x20	; 32
	breq	to_get_nextp			; wait for next STK_GET_SYNC
    3f6c:	99 f3       	breq	.-26     	; 0x3f54 <to_get_nextp>

00003f6e <ck_LEAVE>:
;=-=-=-=-=-=-=-=-=-=-=-=-=-=-=-=-=-=-=-=-=-=-=-=-=-=-=-=-=-
ck_LEAVE:
      	cpi	r24, STK_LEAVE_PROGMODE	; 'Q'
    3f6e:	81 35       	cpi	r24, 0x51	; 81
	brne	ver_put
    3f70:	11 f4       	brne	.+4      	; 0x3f76 <ver_put>
;  Adaboot no wait mod
	ldi	r20, WATCHDOG_16MS	; 0x08
    3f72:	48 e0       	ldi	r20, 0x08	; 8
	rcall	watchdogConfig
    3f74:	36 d0       	rcall	.+108    	; 0x3fe2 <watchdogConfig>

00003f76 <ver_put>:
ver_put:
     	rcall	verifySpace	; check Sync_CRC_EOP, putch(STK_INSYNC)
    3f76:	04 d0       	rcall	.+8      	; 0x3f80 <verifySpace>
	rjmp	put_ok		; putch(STK_OK); rjmp get_nextp
    3f78:	eb cf       	rjmp	.-42     	; 0x3f50 <put_ok>

00003f7a <getNch>:
;**********************************************************
; read r20 count character from serial input and look if space follow
getNch:		; call  getNch, r20 = count
	; repeat count times "call getch"
repeat_g:
     	rcall	getch		; do getch(); while (--count);
    3f7a:	0f d0       	rcall	.+30     	; 0x3f9a <getch>
       	subi	r20, 1		; count - 1
    3f7c:	41 50       	subi	r20, 0x01	; 1
     	brne	repeat_g
    3f7e:	e9 f7       	brne	.-6      	; 0x3f7a <getNch>

00003f80 <verifySpace>:

;**********************************************************
; look if a space character can be read from serial input and answer
verifySpace:		/* void verifySpace(void) { */
; use of r24,
     	rcall	getch		; if (getch() != CRC_EOP)
    3f80:	0c d0       	rcall	.+24     	; 0x3f9a <getch>
       	cpi	r24, CRC_EOP	; 0x20
    3f82:	80 32       	cpi	r24, 0x20	; 32
       	breq	no_to
    3f84:	09 f0       	breq	.+2      	; 0x3f88 <no_to>
     	rcall	wait_timeout		;wait_timeout();
    3f86:	2a d0       	rcall	.+84     	; 0x3fdc <wait_timeout>

00003f88 <no_to>:
no_to:
       	ldi	r24, STK_INSYNC
    3f88:	84 e1       	ldi	r24, 0x14	; 20

00003f8a <ptch1>:
	AOUT	UART_SRB, r25		; enable UART input
 #else
	/* For normal serial transfer we wait until the buffer UDR is free. */
	/* After loading the buffer we return immediately to caller */
ptch1:
	AIN	r25, UART_SRA	; while (!(UART_SRA & _BV(UDRE0)));
    3f8a:	90 91 c0 00 	lds	r25, 0x00C0	; 0x8000c0 <__TEXT_REGION_LENGTH__+0x7e00c0>
      	sbrs	r25, UDRE0
    3f8e:	95 ff       	sbrs	r25, 5
      	rjmp	ptch1		; wait, UART out not ready
    3f90:	fc cf       	rjmp	.-8      	; 0x3f8a <ptch1>
 #endif
	AOUT	UART_UDR, r24	; UART_UDR = ch;
    3f92:	80 93 c6 00 	sts	0x00C6, r24	; 0x8000c6 <__TEXT_REGION_LENGTH__+0x7e00c6>
 #if ((LED_DATA_FLASH & 0x02) > 0) && defined(LED_PORT) && defined(LEDbit)
	ACBI	LED_PORT, LEDbit
 #endif
	wdr		; watchdogReset(); /* prevent watch dog timeout during slow serial output */
    3f96:	a8 95       	wdr
      	ret
    3f98:	08 95       	ret

00003f9a <getch>:
getch: 
 #if ((LED_DATA_FLASH & 0x01) > 0) && defined(LED_PORT) && defined(LEDbit)
	ASBI	LED_PORT, LEDbit
 #endif
gtch1:
	AIN	r24, UART_SRA		; if (UART_SRA & _BV(RXC0)) {
    3f9a:	80 91 c0 00 	lds	r24, 0x00C0	; 0x8000c0 <__TEXT_REGION_LENGTH__+0x7e00c0>
     	sbrs	r24, RXC0
    3f9e:	87 ff       	sbrs	r24, 7
       	rjmp	gtch1			; no data received, wait
    3fa0:	fc cf       	rjmp	.-8      	; 0x3f9a <getch>
      	sbrs	r24, FE0		; if (!(UART_SRA & _BV(FE0))) {
    3fa2:	84 ff       	sbrs	r24, 4
     	wdr		; watchdogReset();
    3fa4:	a8 95       	wdr
         * watchdog.  This should cause the bootloader to abort and run
         * the application "soon", if it keeps happening.  (Note that we
         * don't care that an invalid char is returned...)
         */

 	AIN	r24, UART_UDR	; ch = UART_UDR; return ch;
    3fa6:	80 91 c6 00 	lds	r24, 0x00C6	; 0x8000c6 <__TEXT_REGION_LENGTH__+0x7e00c6>
 #if ((LED_DATA_FLASH & 0x01) > 0) && defined(LED_PORT) && defined(LEDbit)
	ACBI	LED_PORT, LEDbit
 #endif
       	ret
    3faa:	08 95       	ret

00003fac <set_eeprom_adr>:
;**********************************************************
#if defined(VIRTUAL_BOOT_PARTITION) || defined(SUPPORT_EEPROM)
/* Z hold the eeprom address, which is loaded to EEAR and afterwards increased by 1 */
/* ASBIC can destroy content of register r0 */
set_eeprom_adr:
  	ASBIC	EECR, EEPE	; while (!eeprom_is_ready())
    3fac:	f9 99       	sbic	0x1f, 1	; 31
   	rjmp	set_eeprom_adr	; wait
    3fae:	fe cf       	rjmp	.-4      	; 0x3fac <set_eeprom_adr>
;	rcall	wait_flash_ready

 #ifdef EEARH
	AOUT	EEARH, ZH	; EEAR = addrPtr++
    3fb0:	f2 bd       	out	0x22, r31	; 34
 #endif
	AOUT	EEARL, ZL
    3fb2:	e1 bd       	out	0x21, r30	; 33
	adiw	ZL, 1
    3fb4:	31 96       	adiw	r30, 0x01	; 1
	ret			; set_eeprom_adr
    3fb6:	08 95       	ret

00003fb8 <get_length>:
;	result is r26:r27 = r16:r17  last:first byte
;	use r22, r25 (soft)
;	additional result is r6 = r24 = type  - 'E' 
;	zero-Flag is set, if type is 'E' (with SUPPORT_EEPROM)
get_length:
	rcall	getch
    3fb8:	f0 df       	rcall	.-32     	; 0x3f9a <getch>
	mov	r17, r24	; r17 = upper bits of length
    3fba:	18 2f       	mov	r17, r24
	rcall	getch
    3fbc:	ee df       	rcall	.-36     	; 0x3f9a <getch>
	mov	r16, r24	; r16 = lower bits of length
    3fbe:	08 2f       	mov	r16, r24
	movw	r26, r16	; can be changed by sbiw or adiw
    3fc0:	d8 01       	movw	r26, r16
	rcall	getch		; read in type
    3fc2:	eb df       	rcall	.-42     	; 0x3f9a <getch>
//#if SUPPORT_EEPROM > 0
	subi	r24, 'E'	; type = getch() - 'E'
    3fc4:	85 54       	subi	r24, 0x45	; 69
	mov	r6, r24
    3fc6:	68 2e       	mov	r6, r24
//#endif
	ret
    3fc8:	08 95       	ret

00003fca <wait_flash_ready>:

;**********************************************************
;	call wait_flash_ready wait for a idle Flash controller
;	use r0
wait_flash_ready:
       	AIN	r0, SPMCSR 
    3fca:	07 b6       	in	r0, 0x37	; 55
	sbrc	r0, SELFPRGEN
    3fcc:	00 fc       	sbrc	r0, 0
	rjmp	wait_flash_ready
    3fce:	fd cf       	rjmp	.-6      	; 0x3fca <wait_flash_ready>
	ret
    3fd0:	08 95       	ret

00003fd2 <boot_page_erase>:
;	r20 is used to setup the spm instruction
;	probably RAMPZ must be set before to extend the r4:r5 address
;	return is immediately, the flash controller is probably still busy
boot_page_erase:
;	rcall	wait_flash_ready
    	movw	ZL, r4		; __boot_page_erase_short((uint16_t)(void*)address)
    3fd2:	f2 01       	movw	r30, r4
   #warning "4 page erase for t841/441"
  #endif
	and	r20, r4
	brne	no_erase4	; not a fourth page
 #endif
	ldi	r20, (1<<PGERS)|(1<<SELFPRGEN)	; 0x03
    3fd4:	43 e0       	ldi	r20, 0x03	; 3

00003fd6 <do_spm>:
do_spm:
	AOUT	SPMCSR, r20	; (1<<PGERS)|(SELFPRGEN)
    3fd6:	47 bf       	out	0x37, r20	; 55
	spm
    3fd8:	e8 95       	spm

00003fda <no_erase4>:
;	special handling of spm for ATmega163 and ATmega323
	.word	0xffff
	nop
#endif
no_erase4:
	ret
    3fda:	08 95       	ret

00003fdc <wait_timeout>:
#endif

;**********************************************************
;	rcall wait_timeout  set the watch dog timer to 16ms and wait for reset
wait_timeout:
     	ldi	r20, WATCHDOG_16MS
    3fdc:	48 e0       	ldi	r20, 0x08	; 8
	rcall	watchdogConfig	;  watchdogConfig(WATCHDOG_16MS) 
    3fde:	01 d0       	rcall	.+2      	; 0x3fe2 <watchdogConfig>

00003fe0 <lop77>:
lop77:
    	rjmp	lop77		; endless loop, watch Dog will reset!
    3fe0:	ff cf       	rjmp	.-2      	; 0x3fe0 <lop77>

00003fe2 <watchdogConfig>:
watchdogConfig: 
#ifndef WDTCSR
 #define WDTCSR  WDTCR
#endif
#if defined(WDCE)
    	ldi	r21, (1<<WDCE) | (1<<WDE)	; 0x18
    3fe2:	58 e1       	ldi	r21, 0x18	; 24
	AOUT	WDTCSR, r21	; (1<<WDCE) | (1<<WDE) ; watchdogConfig(x);
    3fe4:	50 93 60 00 	sts	0x0060, r21	; 0x800060 <__TEXT_REGION_LENGTH__+0x7e0060>
 #else
    	ldi	r21, (1<<WDE)	; 0x08
	AOUT	WDTCSR, r21	; (1<<WDE) ; watchdogConfig(x);
 #endif
#endif
       	AOUT	WDTCSR, r20		; WDTCSR = x;
    3fe8:	40 93 60 00 	sts	0x0060, r20	; 0x800060 <__TEXT_REGION_LENGTH__+0x7e0060>
       	ret
    3fec:	08 95       	ret
; 
; FORCE_WATCHDOG=
; LED_START_FLASHES=0
; LED_DATA_FLASH=
; LED=
; UART=
; SOURCE_TYPE=S
; SUPPORT_EEPROM=1
; MCU_TARGET = atmega168
; AVR_FREQ= 16000000 
; BAUD_RATE=52
