This is pdfTeX, Version 3.14159265-2.6-1.40.16 (TeX Live 2015/Debian) (preloaded format=pdflatex 2018.1.20)  5 APR 2018 20:42
entering extended mode
 \write18 enabled.
 %&-line parsing enabled.
**bootloader.tex
(./bootloader.tex
LaTeX2e <2016/02/01>
Babel <3.9q> and hyphenation patterns for 81 language(s) loaded.
(/usr/share/texlive/texmf-dist/tex/latex/base/report.cls
Document Class: report 2014/09/29 v1.4h Standard LaTeX document class
(/usr/share/texlive/texmf-dist/tex/latex/base/size12.clo
File: size12.clo 2014/09/29 v1.4h Standard LaTeX file (size option)
)
\c@part=\count79
\c@chapter=\count80
\c@section=\count81
\c@subsection=\count82
\c@subsubsection=\count83
\c@paragraph=\count84
\c@subparagraph=\count85
\c@figure=\count86
\c@table=\count87
\abovecaptionskip=\skip41
\belowcaptionskip=\skip42
\bibindent=\dimen102
)
(/usr/share/texmf/tex/latex/lm/lmodern.sty
Package: lmodern 2009/10/30 v1.6 Latin Modern Fonts
LaTeX Font Info:    Overwriting symbol font `operators' in version `normal'
(Font)                  OT1/cmr/m/n --> OT1/lmr/m/n on input line 22.
LaTeX Font Info:    Overwriting symbol font `letters' in version `normal'
(Font)                  OML/cmm/m/it --> OML/lmm/m/it on input line 23.
LaTeX Font Info:    Overwriting symbol font `symbols' in version `normal'
(Font)                  OMS/cmsy/m/n --> OMS/lmsy/m/n on input line 24.
LaTeX Font Info:    Overwriting symbol font `largesymbols' in version `normal'
(Font)                  OMX/cmex/m/n --> OMX/lmex/m/n on input line 25.
LaTeX Font Info:    Overwriting symbol font `operators' in version `bold'
(Font)                  OT1/cmr/bx/n --> OT1/lmr/bx/n on input line 26.
LaTeX Font Info:    Overwriting symbol font `letters' in version `bold'
(Font)                  OML/cmm/b/it --> OML/lmm/b/it on input line 27.
LaTeX Font Info:    Overwriting symbol font `symbols' in version `bold'
(Font)                  OMS/cmsy/b/n --> OMS/lmsy/b/n on input line 28.
LaTeX Font Info:    Overwriting symbol font `largesymbols' in version `bold'
(Font)                  OMX/cmex/m/n --> OMX/lmex/m/n on input line 29.
LaTeX Font Info:    Overwriting math alphabet `\mathbf' in version `normal'
(Font)                  OT1/cmr/bx/n --> OT1/lmr/bx/n on input line 31.
LaTeX Font Info:    Overwriting math alphabet `\mathsf' in version `normal'
(Font)                  OT1/cmss/m/n --> OT1/lmss/m/n on input line 32.
LaTeX Font Info:    Overwriting math alphabet `\mathit' in version `normal'
(Font)                  OT1/cmr/m/it --> OT1/lmr/m/it on input line 33.
LaTeX Font Info:    Overwriting math alphabet `\mathtt' in version `normal'
(Font)                  OT1/cmtt/m/n --> OT1/lmtt/m/n on input line 34.
LaTeX Font Info:    Overwriting math alphabet `\mathbf' in version `bold'
(Font)                  OT1/cmr/bx/n --> OT1/lmr/bx/n on input line 35.
LaTeX Font Info:    Overwriting math alphabet `\mathsf' in version `bold'
(Font)                  OT1/cmss/bx/n --> OT1/lmss/bx/n on input line 36.
LaTeX Font Info:    Overwriting math alphabet `\mathit' in version `bold'
(Font)                  OT1/cmr/bx/it --> OT1/lmr/bx/it on input line 37.
LaTeX Font Info:    Overwriting math alphabet `\mathtt' in version `bold'
(Font)                  OT1/cmtt/m/n --> OT1/lmtt/m/n on input line 38.
)
(/usr/share/texlive/texmf-dist/tex/latex/base/fontenc.sty
Package: fontenc 2005/09/27 v1.99g Standard LaTeX package

(/usr/share/texlive/texmf-dist/tex/latex/base/t1enc.def
File: t1enc.def 2005/09/27 v1.99g Standard LaTeX file
LaTeX Font Info:    Redeclaring font encoding T1 on input line 48.
))
(/usr/share/texlive/texmf-dist/tex/latex/base/inputenc.sty
Package: inputenc 2015/03/17 v1.2c Input encoding file
\inpenc@prehook=\toks14
\inpenc@posthook=\toks15

(/usr/share/texlive/texmf-dist/tex/latex/ucs/utf8x.def
File: utf8x.def 2004/10/17 UCS: Input encoding UTF-8
))
(/usr/share/texlive/texmf-dist/tex/latex/ucs/ucs.sty
Package: ucs 2013/05/11 v2.2 UCS: Unicode input support

(/usr/share/texlive/texmf-dist/tex/latex/ucs/data/uni-global.def
File: uni-global.def 2013/05/13 UCS: Unicode global data
)
\uc@secondtry=\count88
\uc@combtoks=\toks16
\uc@combtoksb=\toks17
\uc@temptokena=\toks18
)
(/usr/share/texlive/texmf-dist/tex/latex/preprint/fullpage.sty
Package: fullpage 1999/02/23 1.1 (PWD)
\FP@margin=\skip43
)
(/usr/share/texlive/texmf-dist/tex/generic/babel/babel.sty
Package: babel 2016/02/24 3.9q The Babel package

(/usr/share/texlive/texmf-dist/tex/generic/babel-english/english.ldf
Language: english 2012/08/20 v3.3p English support from the babel system

(/usr/share/texlive/texmf-dist/tex/generic/babel/babel.def
File: babel.def 2016/02/24 3.9q Babel common definitions
\babel@savecnt=\count89
\U@D=\dimen103
)
\l@canadian = a dialect from \language\l@american 
\l@australian = a dialect from \language\l@british 
\l@newzealand = a dialect from \language\l@british 
)
(/usr/share/texlive/texmf-dist/tex/generic/babel-german/ngerman.ldf
Language: ngerman 2013/12/13 v2.7 German support for babel (new orthography)

(/usr/share/texlive/texmf-dist/tex/generic/babel-german/ngermanb.ldf
Language: ngermanb 2013/12/13 v2.7 German support for babel (new orthography)
\l@naustrian = a dialect from \language\l@ngerman 
\l@nswissgerman = a dialect from \language\l@ngerman 
Package babel Info: Making " an active character on input line 88.
)))
(/usr/share/texlive/texmf-dist/tex/latex/graphics/graphicx.sty
Package: graphicx 2014/10/28 v1.0g Enhanced LaTeX Graphics (DPC,SPQR)

(/usr/share/texlive/texmf-dist/tex/latex/graphics/keyval.sty
Package: keyval 2014/10/28 v1.15 key=value parser (DPC)
\KV@toks@=\toks19
)
(/usr/share/texlive/texmf-dist/tex/latex/graphics/graphics.sty
Package: graphics 2016/01/03 v1.0q Standard LaTeX Graphics (DPC,SPQR)

(/usr/share/texlive/texmf-dist/tex/latex/graphics/trig.sty
Package: trig 2016/01/03 v1.10 sin cos tan (DPC)
)
(/usr/share/texlive/texmf-dist/tex/latex/latexconfig/graphics.cfg
File: graphics.cfg 2010/04/23 v1.9 graphics configuration of TeX Live
)
Package graphics Info: Driver file: pdftex.def on input line 95.

(/usr/share/texlive/texmf-dist/tex/latex/pdftex-def/pdftex.def
File: pdftex.def 2011/05/27 v0.06d Graphics/color for pdfTeX

(/usr/share/texlive/texmf-dist/tex/generic/oberdiek/infwarerr.sty
Package: infwarerr 2010/04/08 v1.3 Providing info/warning/error messages (HO)
)
(/usr/share/texlive/texmf-dist/tex/generic/oberdiek/ltxcmds.sty
Package: ltxcmds 2011/11/09 v1.22 LaTeX kernel commands for general use (HO)
)
\Gread@gobject=\count90
))
\Gin@req@height=\dimen104
\Gin@req@width=\dimen105
)
(/usr/share/texlive/texmf-dist/tex/latex/caption/caption.sty
Package: caption 2016/02/21 v3.3-144 Customizing captions (AR)

(/usr/share/texlive/texmf-dist/tex/latex/caption/caption3.sty
Package: caption3 2016/02/04 v1.7-139 caption3 kernel (AR)
Package caption3 Info: TeX engine: e-TeX on input line 67.
\captionmargin=\dimen106
\captionmargin@=\dimen107
\captionwidth=\dimen108
\caption@tempdima=\dimen109
\caption@indent=\dimen110
\caption@parindent=\dimen111
\caption@hangindent=\dimen112
)
\c@ContinuedFloat=\count91
)
(/usr/share/texlive/texmf-dist/tex/latex/caption/subcaption.sty
Package: subcaption 2016/02/20 v1.1-142 Sub-captions (AR)
\c@subfigure=\count92
\c@subtable=\count93
)
(/usr/share/texlive/texmf-dist/tex/latex/graphics/color.sty
Package: color 2016/01/03 v1.1b Standard LaTeX Color (DPC)

(/usr/share/texlive/texmf-dist/tex/latex/latexconfig/color.cfg
File: color.cfg 2007/01/18 v1.5 color configuration of teTeX/TeXLive
)
Package color Info: Driver file: pdftex.def on input line 143.
)
(/usr/share/texlive/texmf-dist/tex/latex/base/fixltx2e.sty
Package: fixltx2e 2015/06/22 v2.0b fixes to LaTeX (obsolete)


Package fixltx2e Warning: fixltx2e is not required with releases after 2015
(fixltx2e)                All fixes are now in the LaTeX kernel.
(fixltx2e)                See the latexrelease package for details.

) (/usr/share/texlive/texmf-dist/tex/latex/oberdiek/epstopdf.sty
Package: epstopdf 2010/02/09 v2.5 Conversion with epstopdf on the fly (HO)

(/usr/share/texlive/texmf-dist/tex/latex/oberdiek/epstopdf-base.sty
Package: epstopdf-base 2010/02/09 v2.5 Base part for package epstopdf

(/usr/share/texlive/texmf-dist/tex/latex/oberdiek/grfext.sty
Package: grfext 2010/08/19 v1.1 Manage graphics extensions (HO)

(/usr/share/texlive/texmf-dist/tex/generic/oberdiek/kvdefinekeys.sty
Package: kvdefinekeys 2011/04/07 v1.3 Define keys (HO)
))
(/usr/share/texlive/texmf-dist/tex/latex/oberdiek/kvoptions.sty
Package: kvoptions 2011/06/30 v3.11 Key value format for package options (HO)

(/usr/share/texlive/texmf-dist/tex/generic/oberdiek/kvsetkeys.sty
Package: kvsetkeys 2012/04/25 v1.16 Key value parser (HO)

(/usr/share/texlive/texmf-dist/tex/generic/oberdiek/etexcmds.sty
Package: etexcmds 2011/02/16 v1.5 Avoid name clashes with e-TeX commands (HO)

(/usr/share/texlive/texmf-dist/tex/generic/oberdiek/ifluatex.sty
Package: ifluatex 2010/03/01 v1.3 Provides the ifluatex switch (HO)
Package ifluatex Info: LuaTeX not detected.
)
Package etexcmds Info: Could not find \expanded.
(etexcmds)             That can mean that you are not using pdfTeX 1.50 or
(etexcmds)             that some package has redefined \expanded.
(etexcmds)             In the latter case, load this package earlier.
)))
(/usr/share/texlive/texmf-dist/tex/generic/oberdiek/pdftexcmds.sty
Package: pdftexcmds 2011/11/29 v0.20 Utility functions of pdfTeX for LuaTeX (HO
)

(/usr/share/texlive/texmf-dist/tex/generic/oberdiek/ifpdf.sty
Package: ifpdf 2011/01/30 v2.3 Provides the ifpdf switch (HO)
Package ifpdf Info: pdfTeX in PDF mode is detected.
)
Package pdftexcmds Info: LuaTeX not detected.
Package pdftexcmds Info: \pdf@primitive is available.
Package pdftexcmds Info: \pdf@ifprimitive is available.
Package pdftexcmds Info: \pdfdraftmode found.
)
Package grfext Info: Graphics extension search list:
(grfext)             [.png,.pdf,.jpg,.mps,.jpeg,.jbig2,.jb2,.PNG,.PDF,.JPG,.JPE
G,.JBIG2,.JB2,.eps]
(grfext)             \AppendGraphicsExtensions on input line 452.

(/usr/share/texlive/texmf-dist/tex/latex/latexconfig/epstopdf-sys.cfg
File: epstopdf-sys.cfg 2010/07/13 v1.3 Configuration of (r)epstopdf for TeX Liv
e
)))
(/usr/share/texlive/texmf-dist/tex/latex/hyperref/hyperref.sty
Package: hyperref 2012/11/06 v6.83m Hypertext links for LaTeX

(/usr/share/texlive/texmf-dist/tex/generic/oberdiek/hobsub-hyperref.sty
Package: hobsub-hyperref 2012/05/28 v1.13 Bundle oberdiek, subset hyperref (HO)


(/usr/share/texlive/texmf-dist/tex/generic/oberdiek/hobsub-generic.sty
Package: hobsub-generic 2012/05/28 v1.13 Bundle oberdiek, subset generic (HO)
Package: hobsub 2012/05/28 v1.13 Construct package bundles (HO)
Package hobsub Info: Skipping package `infwarerr' (already loaded).
Package hobsub Info: Skipping package `ltxcmds' (already loaded).
Package hobsub Info: Skipping package `ifluatex' (already loaded).
Package: ifvtex 2010/03/01 v1.5 Detect VTeX and its facilities (HO)
Package ifvtex Info: VTeX not detected.
Package: intcalc 2007/09/27 v1.1 Expandable calculations with integers (HO)
Package hobsub Info: Skipping package `ifpdf' (already loaded).
Package hobsub Info: Skipping package `etexcmds' (already loaded).
Package hobsub Info: Skipping package `kvsetkeys' (already loaded).
Package hobsub Info: Skipping package `kvdefinekeys' (already loaded).
Package hobsub Info: Skipping package `pdftexcmds' (already loaded).
Package: pdfescape 2011/11/25 v1.13 Implements pdfTeX's escape features (HO)
Package: bigintcalc 2012/04/08 v1.3 Expandable calculations on big integers (HO
)
Package: bitset 2011/01/30 v1.1 Handle bit-vector datatype (HO)
Package: uniquecounter 2011/01/30 v1.2 Provide unlimited unique counter (HO)
)
Package hobsub Info: Skipping package `hobsub' (already loaded).
Package: letltxmacro 2010/09/02 v1.4 Let assignment for LaTeX macros (HO)
Package: hopatch 2012/05/28 v1.2 Wrapper for package hooks (HO)
Package: xcolor-patch 2011/01/30 xcolor patch
Package: atveryend 2011/06/30 v1.8 Hooks at the very end of document (HO)
Package atveryend Info: \enddocument detected (standard20110627).
Package: atbegshi 2011/10/05 v1.16 At begin shipout hook (HO)
Package: refcount 2011/10/16 v3.4 Data extraction from label references (HO)
Package: hycolor 2011/01/30 v1.7 Color options for hyperref/bookmark (HO)
)
(/usr/share/texlive/texmf-dist/tex/generic/ifxetex/ifxetex.sty
Package: ifxetex 2010/09/12 v0.6 Provides ifxetex conditional
)
(/usr/share/texlive/texmf-dist/tex/latex/oberdiek/auxhook.sty
Package: auxhook 2011/03/04 v1.3 Hooks for auxiliary files (HO)
)
\@linkdim=\dimen113
\Hy@linkcounter=\count94
\Hy@pagecounter=\count95

(/usr/share/texlive/texmf-dist/tex/latex/hyperref/pd1enc.def
File: pd1enc.def 2012/11/06 v6.83m Hyperref: PDFDocEncoding definition (HO)
)
\Hy@SavedSpaceFactor=\count96

(/usr/share/texlive/texmf-dist/tex/latex/latexconfig/hyperref.cfg
File: hyperref.cfg 2002/06/06 v1.2 hyperref configuration of TeXLive
)
Package hyperref Info: Hyper figures OFF on input line 4443.
Package hyperref Info: Link nesting OFF on input line 4448.
Package hyperref Info: Hyper index ON on input line 4451.
Package hyperref Info: Plain pages OFF on input line 4458.
Package hyperref Info: Backreferencing OFF on input line 4463.
Package hyperref Info: Implicit mode ON; LaTeX internals redefined.
Package hyperref Info: Bookmarks ON on input line 4688.
\c@Hy@tempcnt=\count97

(/usr/share/texlive/texmf-dist/tex/latex/url/url.sty
\Urlmuskip=\muskip10
Package: url 2013/09/16  ver 3.4  Verb mode for urls, etc.
)
LaTeX Info: Redefining \url on input line 5041.
\XeTeXLinkMargin=\dimen114
\Fld@menulength=\count98
\Field@Width=\dimen115
\Fld@charsize=\dimen116
Package hyperref Info: Hyper figures OFF on input line 6295.
Package hyperref Info: Link nesting OFF on input line 6300.
Package hyperref Info: Hyper index ON on input line 6303.
Package hyperref Info: backreferencing OFF on input line 6310.
Package hyperref Info: Link coloring OFF on input line 6315.
Package hyperref Info: Link coloring with OCG OFF on input line 6320.
Package hyperref Info: PDF/A mode OFF on input line 6325.
LaTeX Info: Redefining \ref on input line 6365.
LaTeX Info: Redefining \pageref on input line 6369.
\Hy@abspage=\count99
\c@Item=\count100
\c@Hfootnote=\count101
)

Package hyperref Message: Driver: hpdftex.

(/usr/share/texlive/texmf-dist/tex/latex/hyperref/hpdftex.def
File: hpdftex.def 2012/11/06 v6.83m Hyperref driver for pdfTeX
\Fld@listcount=\count102
\c@bookmark@seq@number=\count103

(/usr/share/texlive/texmf-dist/tex/latex/oberdiek/rerunfilecheck.sty
Package: rerunfilecheck 2011/04/15 v1.7 Rerun checks for auxiliary files (HO)
Package uniquecounter Info: New unique counter `rerunfilecheck' on input line 2
82.
)
\Hy@SectionHShift=\skip44
)
(/usr/share/texlive/texmf-dist/tex/latex/float/float.sty
Package: float 2001/11/08 v1.3d Float enhancements (AL)
\c@float@type=\count104
\float@exts=\toks20
\float@box=\box26
\@float@everytoks=\toks21
\@floatcapt=\box27
)
(/usr/share/texlive/texmf-dist/tex/latex/circuitikz/circuitikz.sty
Package: circuitikz 2015/05/15 The CircuiTikz circuit drawing package version 0
.4

(/usr/share/texlive/texmf-dist/tex/latex/pgf/frontendlayer/tikz.sty
(/usr/share/texlive/texmf-dist/tex/latex/pgf/basiclayer/pgf.sty
(/usr/share/texlive/texmf-dist/tex/latex/pgf/utilities/pgfrcs.sty
(/usr/share/texlive/texmf-dist/tex/generic/pgf/utilities/pgfutil-common.tex
\pgfutil@everybye=\toks22
\pgfutil@tempdima=\dimen117
\pgfutil@tempdimb=\dimen118

(/usr/share/texlive/texmf-dist/tex/generic/pgf/utilities/pgfutil-common-lists.t
ex)) (/usr/share/texlive/texmf-dist/tex/generic/pgf/utilities/pgfutil-latex.def
\pgfutil@abb=\box28
(/usr/share/texlive/texmf-dist/tex/latex/ms/everyshi.sty
Package: everyshi 2001/05/15 v3.00 EveryShipout Package (MS)
))
(/usr/share/texlive/texmf-dist/tex/generic/pgf/utilities/pgfrcs.code.tex
Package: pgfrcs 2015/08/07 v3.0.1a (rcs-revision 1.31)
))
Package: pgf 2015/08/07 v3.0.1a (rcs-revision 1.15)

(/usr/share/texlive/texmf-dist/tex/latex/pgf/basiclayer/pgfcore.sty
(/usr/share/texlive/texmf-dist/tex/latex/pgf/systemlayer/pgfsys.sty
(/usr/share/texlive/texmf-dist/tex/generic/pgf/systemlayer/pgfsys.code.tex
Package: pgfsys 2014/07/09 v3.0.1a (rcs-revision 1.48)

(/usr/share/texlive/texmf-dist/tex/generic/pgf/utilities/pgfkeys.code.tex
\pgfkeys@pathtoks=\toks23
\pgfkeys@temptoks=\toks24

(/usr/share/texlive/texmf-dist/tex/generic/pgf/utilities/pgfkeysfiltered.code.t
ex
\pgfkeys@tmptoks=\toks25
))
\pgf@x=\dimen119
\pgf@y=\dimen120
\pgf@xa=\dimen121
\pgf@ya=\dimen122
\pgf@xb=\dimen123
\pgf@yb=\dimen124
\pgf@xc=\dimen125
\pgf@yc=\dimen126
\w@pgf@writea=\write3
\r@pgf@reada=\read1
\c@pgf@counta=\count105
\c@pgf@countb=\count106
\c@pgf@countc=\count107
\c@pgf@countd=\count108
\t@pgf@toka=\toks26
\t@pgf@tokb=\toks27
\t@pgf@tokc=\toks28
 (/usr/share/texlive/texmf-dist/tex/generic/pgf/systemlayer/pgf.cfg
File: pgf.cfg 2008/05/14  (rcs-revision 1.7)
)
Driver file for pgf: pgfsys-pdftex.def

(/usr/share/texlive/texmf-dist/tex/generic/pgf/systemlayer/pgfsys-pdftex.def
File: pgfsys-pdftex.def 2014/10/11  (rcs-revision 1.35)

(/usr/share/texlive/texmf-dist/tex/generic/pgf/systemlayer/pgfsys-common-pdf.de
f
File: pgfsys-common-pdf.def 2013/10/10  (rcs-revision 1.13)
)))
(/usr/share/texlive/texmf-dist/tex/generic/pgf/systemlayer/pgfsyssoftpath.code.
tex
File: pgfsyssoftpath.code.tex 2013/09/09  (rcs-revision 1.9)
\pgfsyssoftpath@smallbuffer@items=\count109
\pgfsyssoftpath@bigbuffer@items=\count110
)
(/usr/share/texlive/texmf-dist/tex/generic/pgf/systemlayer/pgfsysprotocol.code.
tex
File: pgfsysprotocol.code.tex 2006/10/16  (rcs-revision 1.4)
)) (/usr/share/texlive/texmf-dist/tex/latex/xcolor/xcolor.sty
Package: xcolor 2007/01/21 v2.11 LaTeX color extensions (UK)

(/usr/share/texlive/texmf-dist/tex/latex/latexconfig/color.cfg
File: color.cfg 2007/01/18 v1.5 color configuration of teTeX/TeXLive
)
Package xcolor Info: Driver file: pdftex.def on input line 225.
LaTeX Info: Redefining \color on input line 702.
Package xcolor Info: Model `cmy' substituted by `cmy0' on input line 1337.
Package xcolor Info: Model `hsb' substituted by `rgb' on input line 1341.
Package xcolor Info: Model `RGB' extended on input line 1353.
Package xcolor Info: Model `HTML' substituted by `rgb' on input line 1355.
Package xcolor Info: Model `Hsb' substituted by `hsb' on input line 1356.
Package xcolor Info: Model `tHsb' substituted by `hsb' on input line 1357.
Package xcolor Info: Model `HSB' substituted by `hsb' on input line 1358.
Package xcolor Info: Model `Gray' substituted by `gray' on input line 1359.
Package xcolor Info: Model `wave' substituted by `hsb' on input line 1360.
)
(/usr/share/texlive/texmf-dist/tex/generic/pgf/basiclayer/pgfcore.code.tex
Package: pgfcore 2010/04/11 v3.0.1a (rcs-revision 1.7)

(/usr/share/texlive/texmf-dist/tex/generic/pgf/math/pgfmath.code.tex
(/usr/share/texlive/texmf-dist/tex/generic/pgf/math/pgfmathcalc.code.tex
(/usr/share/texlive/texmf-dist/tex/generic/pgf/math/pgfmathutil.code.tex)
(/usr/share/texlive/texmf-dist/tex/generic/pgf/math/pgfmathparser.code.tex
\pgfmath@dimen=\dimen127
\pgfmath@count=\count111
\pgfmath@box=\box29
\pgfmath@toks=\toks29
\pgfmath@stack@operand=\toks30
\pgfmath@stack@operation=\toks31
)
(/usr/share/texlive/texmf-dist/tex/generic/pgf/math/pgfmathfunctions.code.tex
(/usr/share/texlive/texmf-dist/tex/generic/pgf/math/pgfmathfunctions.basic.code
.tex)
(/usr/share/texlive/texmf-dist/tex/generic/pgf/math/pgfmathfunctions.trigonomet
ric.code.tex)
(/usr/share/texlive/texmf-dist/tex/generic/pgf/math/pgfmathfunctions.random.cod
e.tex)
(/usr/share/texlive/texmf-dist/tex/generic/pgf/math/pgfmathfunctions.comparison
.code.tex)
(/usr/share/texlive/texmf-dist/tex/generic/pgf/math/pgfmathfunctions.base.code.
tex)
(/usr/share/texlive/texmf-dist/tex/generic/pgf/math/pgfmathfunctions.round.code
.tex)
(/usr/share/texlive/texmf-dist/tex/generic/pgf/math/pgfmathfunctions.misc.code.
tex)
(/usr/share/texlive/texmf-dist/tex/generic/pgf/math/pgfmathfunctions.integerari
thmetics.code.tex)))
(/usr/share/texlive/texmf-dist/tex/generic/pgf/math/pgfmathfloat.code.tex
\c@pgfmathroundto@lastzeros=\count112
))
(/usr/share/texlive/texmf-dist/tex/generic/pgf/basiclayer/pgfcorepoints.code.te
x
File: pgfcorepoints.code.tex 2013/10/07  (rcs-revision 1.27)
\pgf@picminx=\dimen128
\pgf@picmaxx=\dimen129
\pgf@picminy=\dimen130
\pgf@picmaxy=\dimen131
\pgf@pathminx=\dimen132
\pgf@pathmaxx=\dimen133
\pgf@pathminy=\dimen134
\pgf@pathmaxy=\dimen135
\pgf@xx=\dimen136
\pgf@xy=\dimen137
\pgf@yx=\dimen138
\pgf@yy=\dimen139
\pgf@zx=\dimen140
\pgf@zy=\dimen141
)
(/usr/share/texlive/texmf-dist/tex/generic/pgf/basiclayer/pgfcorepathconstruct.
code.tex
File: pgfcorepathconstruct.code.tex 2013/10/07  (rcs-revision 1.29)
\pgf@path@lastx=\dimen142
\pgf@path@lasty=\dimen143
)
(/usr/share/texlive/texmf-dist/tex/generic/pgf/basiclayer/pgfcorepathusage.code
.tex
File: pgfcorepathusage.code.tex 2014/11/02  (rcs-revision 1.24)
\pgf@shorten@end@additional=\dimen144
\pgf@shorten@start@additional=\dimen145
)
(/usr/share/texlive/texmf-dist/tex/generic/pgf/basiclayer/pgfcorescopes.code.te
x
File: pgfcorescopes.code.tex 2015/05/08  (rcs-revision 1.46)
\pgfpic=\box30
\pgf@hbox=\box31
\pgf@layerbox@main=\box32
\pgf@picture@serial@count=\count113
)
(/usr/share/texlive/texmf-dist/tex/generic/pgf/basiclayer/pgfcoregraphicstate.c
ode.tex
File: pgfcoregraphicstate.code.tex 2014/11/02  (rcs-revision 1.12)
\pgflinewidth=\dimen146
)
(/usr/share/texlive/texmf-dist/tex/generic/pgf/basiclayer/pgfcoretransformation
s.code.tex
File: pgfcoretransformations.code.tex 2015/08/07  (rcs-revision 1.20)
\pgf@pt@x=\dimen147
\pgf@pt@y=\dimen148
\pgf@pt@temp=\dimen149
)
(/usr/share/texlive/texmf-dist/tex/generic/pgf/basiclayer/pgfcorequick.code.tex
File: pgfcorequick.code.tex 2008/10/09  (rcs-revision 1.3)
)
(/usr/share/texlive/texmf-dist/tex/generic/pgf/basiclayer/pgfcoreobjects.code.t
ex
File: pgfcoreobjects.code.tex 2006/10/11  (rcs-revision 1.2)
)
(/usr/share/texlive/texmf-dist/tex/generic/pgf/basiclayer/pgfcorepathprocessing
.code.tex
File: pgfcorepathprocessing.code.tex 2013/09/09  (rcs-revision 1.9)
)
(/usr/share/texlive/texmf-dist/tex/generic/pgf/basiclayer/pgfcorearrows.code.te
x
File: pgfcorearrows.code.tex 2015/05/14  (rcs-revision 1.43)
\pgfarrowsep=\dimen150
)
(/usr/share/texlive/texmf-dist/tex/generic/pgf/basiclayer/pgfcoreshade.code.tex
File: pgfcoreshade.code.tex 2013/07/15  (rcs-revision 1.15)
\pgf@max=\dimen151
\pgf@sys@shading@range@num=\count114
)
(/usr/share/texlive/texmf-dist/tex/generic/pgf/basiclayer/pgfcoreimage.code.tex
File: pgfcoreimage.code.tex 2013/07/15  (rcs-revision 1.18)

(/usr/share/texlive/texmf-dist/tex/generic/pgf/basiclayer/pgfcoreexternal.code.
tex
File: pgfcoreexternal.code.tex 2014/07/09  (rcs-revision 1.21)
\pgfexternal@startupbox=\box33
))
(/usr/share/texlive/texmf-dist/tex/generic/pgf/basiclayer/pgfcorelayers.code.te
x
File: pgfcorelayers.code.tex 2013/07/18  (rcs-revision 1.7)
)
(/usr/share/texlive/texmf-dist/tex/generic/pgf/basiclayer/pgfcoretransparency.c
ode.tex
File: pgfcoretransparency.code.tex 2013/09/30  (rcs-revision 1.5)
)
(/usr/share/texlive/texmf-dist/tex/generic/pgf/basiclayer/pgfcorepatterns.code.
tex
File: pgfcorepatterns.code.tex 2013/11/07  (rcs-revision 1.5)
)))
(/usr/share/texlive/texmf-dist/tex/generic/pgf/modules/pgfmoduleshapes.code.tex
File: pgfmoduleshapes.code.tex 2014/03/21  (rcs-revision 1.35)
\pgfnodeparttextbox=\box34
) (/usr/share/texlive/texmf-dist/tex/generic/pgf/modules/pgfmoduleplot.code.tex
File: pgfmoduleplot.code.tex 2015/08/03  (rcs-revision 1.13)
)
(/usr/share/texlive/texmf-dist/tex/latex/pgf/compatibility/pgfcomp-version-0-65
.sty
Package: pgfcomp-version-0-65 2007/07/03 v3.0.1a (rcs-revision 1.7)
\pgf@nodesepstart=\dimen152
\pgf@nodesepend=\dimen153
)
(/usr/share/texlive/texmf-dist/tex/latex/pgf/compatibility/pgfcomp-version-1-18
.sty
Package: pgfcomp-version-1-18 2007/07/23 v3.0.1a (rcs-revision 1.1)
)) (/usr/share/texlive/texmf-dist/tex/latex/pgf/utilities/pgffor.sty
(/usr/share/texlive/texmf-dist/tex/latex/pgf/utilities/pgfkeys.sty
(/usr/share/texlive/texmf-dist/tex/generic/pgf/utilities/pgfkeys.code.tex))
(/usr/share/texlive/texmf-dist/tex/latex/pgf/math/pgfmath.sty
(/usr/share/texlive/texmf-dist/tex/generic/pgf/math/pgfmath.code.tex))
(/usr/share/texlive/texmf-dist/tex/generic/pgf/utilities/pgffor.code.tex
Package: pgffor 2013/12/13 v3.0.1a (rcs-revision 1.25)

(/usr/share/texlive/texmf-dist/tex/generic/pgf/math/pgfmath.code.tex)
\pgffor@iter=\dimen154
\pgffor@skip=\dimen155
\pgffor@stack=\toks32
\pgffor@toks=\toks33
))
(/usr/share/texlive/texmf-dist/tex/generic/pgf/frontendlayer/tikz/tikz.code.tex
Package: tikz 2015/08/07 v3.0.1a (rcs-revision 1.151)

(/usr/share/texlive/texmf-dist/tex/generic/pgf/libraries/pgflibraryplothandlers
.code.tex
File: pgflibraryplothandlers.code.tex 2013/08/31 v3.0.1a (rcs-revision 1.20)
\pgf@plot@mark@count=\count115
\pgfplotmarksize=\dimen156
)
\tikz@lastx=\dimen157
\tikz@lasty=\dimen158
\tikz@lastxsaved=\dimen159
\tikz@lastysaved=\dimen160
\tikzleveldistance=\dimen161
\tikzsiblingdistance=\dimen162
\tikz@figbox=\box35
\tikz@figbox@bg=\box36
\tikz@tempbox=\box37
\tikz@tempbox@bg=\box38
\tikztreelevel=\count116
\tikznumberofchildren=\count117
\tikznumberofcurrentchild=\count118
\tikz@fig@count=\count119

(/usr/share/texlive/texmf-dist/tex/generic/pgf/modules/pgfmodulematrix.code.tex
File: pgfmodulematrix.code.tex 2013/09/17  (rcs-revision 1.8)
\pgfmatrixcurrentrow=\count120
\pgfmatrixcurrentcolumn=\count121
\pgf@matrix@numberofcolumns=\count122
)
\tikz@expandcount=\count123

(/usr/share/texlive/texmf-dist/tex/generic/pgf/frontendlayer/tikz/libraries/tik
zlibrarytopaths.code.tex
File: tikzlibrarytopaths.code.tex 2008/06/17 v3.0.1a (rcs-revision 1.2)
)))
(/usr/share/texlive/texmf-dist/tex/generic/pgf/frontendlayer/tikz/libraries/tik
zlibrarycalc.code.tex
File: tikzlibrarycalc.code.tex 2013/07/15 v3.0.1a (rcs-revision 1.9)
)
(/usr/share/texlive/texmf-dist/tex/generic/pgf/libraries/pgflibraryarrows.code.
tex
File: pgflibraryarrows.code.tex 2013/09/23 v3.0.1a (rcs-revision 1.16)
\arrowsize=\dimen163
) (/usr/share/texlive/texmf-dist/tex/generic/circuitikz/circuitikz.code.tex
\pgf@circ@Rlen=\dimen164

(/usr/share/texlive/texmf-dist/tex/generic/circuitikz/pgfcircutils.tex)
(/usr/share/texlive/texmf-dist/tex/generic/circuitikz/pgfcircmath.tex)
(/usr/share/texlive/texmf-dist/tex/generic/circuitikz/pgfcircshapes.tex)
(/usr/share/texlive/texmf-dist/tex/generic/circuitikz/pgfcircmonopoles.tex)
(/usr/share/texlive/texmf-dist/tex/generic/circuitikz/pgfcircbipoles.tex)
(/usr/share/texlive/texmf-dist/tex/generic/circuitikz/pgfcirctripoles.tex)
(/usr/share/texlive/texmf-dist/tex/generic/circuitikz/pgfcircquadpoles.tex)
(/usr/share/texlive/texmf-dist/tex/generic/circuitikz/pgfcircnpoles.tex)
(/usr/share/texlive/texmf-dist/tex/generic/circuitikz/pgfcirclabel.tex)
(/usr/share/texlive/texmf-dist/tex/generic/circuitikz/pgfcircvoltage.tex)
(/usr/share/texlive/texmf-dist/tex/generic/circuitikz/pgfcirccurrent.tex)
(/usr/share/texlive/texmf-dist/tex/generic/circuitikz/pgfcircinputarrows.tex))
(/usr/share/texlive/texmf-dist/tex/generic/circuitikz/circuitikz1.code.tex
\pgf@circ@res@up=\dimen165
\pgf@circ@res@down=\dimen166
\pgf@circ@res@zero=\dimen167
\pgf@circ@res@left=\dimen168
\pgf@circ@res@right=\dimen169
\pgf@circ@res@other=\dimen170
\pgf@circ@res@step=\dimen171
\pgf@circ@res@temp=\dimen172
\pgfstartlinewidth=\dimen173
))
(/usr/share/texlive/texmf-dist/tex/latex/multirow/multirow.sty
\bigstrutjot=\dimen174
)
(./bootloader.aux (./preface.aux) (./principle.aux) (./AVRhardware.aux)
(./optiboot.aux) (./AVRdata.aux) (./USBserial.aux))
\openout1 = `bootloader.aux'.

LaTeX Font Info:    Checking defaults for OML/cmm/m/it on input line 21.
LaTeX Font Info:    ... okay on input line 21.
LaTeX Font Info:    Checking defaults for T1/cmr/m/n on input line 21.
LaTeX Font Info:    ... okay on input line 21.
LaTeX Font Info:    Checking defaults for OT1/cmr/m/n on input line 21.
LaTeX Font Info:    ... okay on input line 21.
LaTeX Font Info:    Checking defaults for OMS/cmsy/m/n on input line 21.
LaTeX Font Info:    ... okay on input line 21.
LaTeX Font Info:    Checking defaults for OMX/cmex/m/n on input line 21.
LaTeX Font Info:    ... okay on input line 21.
LaTeX Font Info:    Checking defaults for U/cmr/m/n on input line 21.
LaTeX Font Info:    ... okay on input line 21.
LaTeX Font Info:    Checking defaults for PD1/pdf/m/n on input line 21.
LaTeX Font Info:    ... okay on input line 21.
LaTeX Font Info:    Try loading font information for T1+lmr on input line 21.

(/usr/share/texmf/tex/latex/lm/t1lmr.fd
File: t1lmr.fd 2009/10/30 v1.6 Font defs for Latin Modern
)
(/usr/share/texlive/texmf-dist/tex/latex/ucs/ucsencs.def
File: ucsencs.def 2011/01/21 Fixes to fontencodings LGR, T3
)
(/usr/share/texlive/texmf-dist/tex/context/base/supp-pdf.mkii
[Loading MPS to PDF converter (version 2006.09.02).]
\scratchcounter=\count124
\scratchdimen=\dimen175
\scratchbox=\box39
\nofMPsegments=\count125
\nofMParguments=\count126
\everyMPshowfont=\toks34
\MPscratchCnt=\count127
\MPscratchDim=\dimen176
\MPnumerator=\count128
\makeMPintoPDFobject=\count129
\everyMPtoPDFconversion=\toks35
)
Package caption Info: Begin \AtBeginDocument code.
Package caption Info: float package is loaded.
Package caption Info: hyperref package is loaded.
Package caption Info: End \AtBeginDocument code.
\AtBeginShipoutBox=\box40
Package hyperref Info: Link coloring OFF on input line 21.
 (/usr/share/texlive/texmf-dist/tex/latex/hyperref/nameref.sty
Package: nameref 2012/10/27 v2.43 Cross-referencing by name of section

(/usr/share/texlive/texmf-dist/tex/generic/oberdiek/gettitlestring.sty
Package: gettitlestring 2010/12/03 v1.4 Cleanup title references (HO)
)
\c@section@level=\count130
)
LaTeX Info: Redefining \ref on input line 21.
LaTeX Info: Redefining \pageref on input line 21.
LaTeX Info: Redefining \nameref on input line 21.

(./bootloader.out) (./bootloader.out)
\@outlinefile=\write4
\openout4 = `bootloader.out'.

 ABD: EveryShipout initializing macros
LaTeX Font Info:    Try loading font information for OT1+lmr on input line 31.

(/usr/share/texmf/tex/latex/lm/ot1lmr.fd
File: ot1lmr.fd 2009/10/30 v1.6 Font defs for Latin Modern
)
LaTeX Font Info:    Try loading font information for OML+lmm on input line 31.

(/usr/share/texmf/tex/latex/lm/omllmm.fd
File: omllmm.fd 2009/10/30 v1.6 Font defs for Latin Modern
)
LaTeX Font Info:    Try loading font information for OMS+lmsy on input line 31.


(/usr/share/texmf/tex/latex/lm/omslmsy.fd
File: omslmsy.fd 2009/10/30 v1.6 Font defs for Latin Modern
)
LaTeX Font Info:    Try loading font information for OMX+lmex on input line 31.


(/usr/share/texmf/tex/latex/lm/omxlmex.fd
File: omxlmex.fd 2009/10/30 v1.6 Font defs for Latin Modern
)
LaTeX Font Info:    External font `lmex10' loaded for size
(Font)              <14.4> on input line 31.
LaTeX Font Info:    External font `lmex10' loaded for size
(Font)              <10> on input line 31.
LaTeX Font Info:    External font `lmex10' loaded for size
(Font)              <7> on input line 31.

(/usr/share/texlive/texmf-dist/tex/latex/ucs/data/uni-0.def
File: uni-0.def 2013/05/13 UCS: Unicode data U+0000..U+00FF
)
LaTeX Font Info:    Try loading font information for T1+lmtt on input line 31.

(/usr/share/texmf/tex/latex/lm/t1lmtt.fd
File: t1lmtt.fd 2009/10/30 v1.6 Font defs for Latin Modern
)
Package babel Info: Redefining ngerman shorthand "|
(babel)             in language  on input line 31.
Package babel Info: Redefining ngerman shorthand "~
(babel)             in language  on input line 31.
Package babel Info: Redefining ngerman shorthand "|
(babel)             in language  on input line 31.
Package babel Info: Redefining ngerman shorthand "~
(babel)             in language  on input line 31.
 [1


Non-PDF special ignored!{/var/lib/texmf/fonts/map/pdftex/updmap/pdftex.map}]
(./bootloader.toc
LaTeX Font Info:    External font `lmex10' loaded for size
(Font)              <12> on input line 4.
LaTeX Font Info:    External font `lmex10' loaded for size
(Font)              <8> on input line 4.
LaTeX Font Info:    External font `lmex10' loaded for size
(Font)              <6> on input line 4.
Package babel Info: Redefining ngerman shorthand "|
(babel)             in language  on input line 41.
Package babel Info: Redefining ngerman shorthand "~
(babel)             in language  on input line 41.
Package babel Info: Redefining ngerman shorthand "|
(babel)             in language  on input line 41.
Package babel Info: Redefining ngerman shorthand "~
(babel)             in language  on input line 41.
pdfTeX warning (ext4): destination with the same identifier (name{page.1}) has 
been already used, duplicate ignored
<to be read again> 
                   \relax 
l.41 ...r ATtiny87 Familie}{45}{subsection.3.8.17}
                                                   [1

])
\tf@toc=\write5
\openout5 = `bootloader.toc'.

Package babel Info: Redefining ngerman shorthand "|
(babel)             in language  on input line 33.
Package babel Info: Redefining ngerman shorthand "~
(babel)             in language  on input line 33.
Package babel Info: Redefining ngerman shorthand "|
(babel)             in language  on input line 33.
Package babel Info: Redefining ngerman shorthand "~
(babel)             in language  on input line 33.
 [2]
\openout2 = `preface.aux'.

 (./preface.tex)
Package babel Info: Redefining ngerman shorthand "|
(babel)             in language  on input line 33.
Package babel Info: Redefining ngerman shorthand "~
(babel)             in language  on input line 33.
Package babel Info: Redefining ngerman shorthand "|
(babel)             in language  on input line 33.
Package babel Info: Redefining ngerman shorthand "~
(babel)             in language  on input line 33.

[3

]
\openout2 = `principle.aux'.

 (./principle.tex
Kapitel 1.
Package babel Info: Redefining ngerman shorthand "|
(babel)             in language  on input line 1.
Package babel Info: Redefining ngerman shorthand "~
(babel)             in language  on input line 1.
Package epstopdf Info: Source file: <../FIG/ablauf.eps>
(epstopdf)                    date: 2016-05-19 16:10:17
(epstopdf)                    size: 18499 bytes
(epstopdf)             Output file: <../FIG/ablauf-eps-converted-to.pdf>
(epstopdf)                    date: 2016-05-19 16:10:18
(epstopdf)                    size: 8610 bytes
(epstopdf)             Command: <epstopdf --outfile=../FIG/ablauf-eps-converted
-to.pdf ../FIG/ablauf.eps>
(epstopdf)             \includegraphics on input line 52.
Package epstopdf Info: Output file is already uptodate.
<../FIG/ablauf-eps-converted-to.pdf, id=291, 258.9675pt x 388.45125pt>
File: ../FIG/ablauf-eps-converted-to.pdf Graphic file (type pdf)

<use ../FIG/ablauf-eps-converted-to.pdf>
Package pdftex.def Info: ../FIG/ablauf-eps-converted-to.pdf used on input line 
52.
(pdftex.def)             Requested size: 258.96684pt x 388.45029pt.
Package babel Info: Redefining ngerman shorthand "|
(babel)             in language  on input line 56.
Package babel Info: Redefining ngerman shorthand "~
(babel)             in language  on input line 56.
Package babel Info: Redefining ngerman shorthand "|
(babel)             in language  on input line 56.
Package babel Info: Redefining ngerman shorthand "~
(babel)             in language  on input line 56.
 [4



])
Package babel Info: Redefining ngerman shorthand "|
(babel)             in language  on input line 35.
Package babel Info: Redefining ngerman shorthand "~
(babel)             in language  on input line 35.
Package babel Info: Redefining ngerman shorthand "|
(babel)             in language  on input line 35.
Package babel Info: Redefining ngerman shorthand "~
(babel)             in language  on input line 35.
 [5 <../FIG/ablauf-eps-converted-to.pdf>]
\openout2 = `AVRhardware.aux'.

 (./AVRhardware.tex
Kapitel 2.
Package babel Info: Redefining ngerman shorthand "|
(babel)             in language  on input line 1.
Package babel Info: Redefining ngerman shorthand "~
(babel)             in language  on input line 1.
Package babel Info: Redefining ngerman shorthand "|
(babel)             in language  on input line 3.
Package babel Info: Redefining ngerman shorthand "~
(babel)             in language  on input line 3.
Package epstopdf Info: Source file: <../FIG/avr_block.eps>
(epstopdf)                    date: 2016-05-26 10:20:37
(epstopdf)                    size: 30786 bytes
(epstopdf)             Output file: <../FIG/avr_block-eps-converted-to.pdf>
(epstopdf)                    date: 2016-05-26 10:20:38
(epstopdf)                    size: 10992 bytes
(epstopdf)             Command: <epstopdf --outfile=../FIG/avr_block-eps-conver
ted-to.pdf ../FIG/avr_block.eps>
(epstopdf)             \includegraphics on input line 16.
Package epstopdf Info: Output file is already uptodate.
<../FIG/avr_block-eps-converted-to.pdf, id=307, 458.71375pt x 403.5075pt>
File: ../FIG/avr_block-eps-converted-to.pdf Graphic file (type pdf)

<use ../FIG/avr_block-eps-converted-to.pdf>
Package pdftex.def Info: ../FIG/avr_block-eps-converted-to.pdf used on input li
ne 16.
(pdftex.def)             Requested size: 458.71263pt x 403.50652pt.
Package babel Info: Redefining ngerman shorthand "|
(babel)             in language  on input line 20.
Package babel Info: Redefining ngerman shorthand "~
(babel)             in language  on input line 20.
Package babel Info: Redefining ngerman shorthand "|
(babel)             in language  on input line 20.
Package babel Info: Redefining ngerman shorthand "~
(babel)             in language  on input line 20.
 [6



]
Package babel Info: Redefining ngerman shorthand "|
(babel)             in language  on input line 53.
Package babel Info: Redefining ngerman shorthand "~
(babel)             in language  on input line 53.
Package babel Info: Redefining ngerman shorthand "|
(babel)             in language  on input line 53.
Package babel Info: Redefining ngerman shorthand "~
(babel)             in language  on input line 53.
 [7 <../FIG/avr_block-eps-converted-to.pdf>]
Package babel Info: Redefining ngerman shorthand "|
(babel)             in language  on input line 73.
Package babel Info: Redefining ngerman shorthand "~
(babel)             in language  on input line 73.
Package epstopdf Info: Source file: <../FIG/port.eps>
(epstopdf)                    date: 2016-05-13 23:19:48
(epstopdf)                    size: 22476 bytes
(epstopdf)             Output file: <../FIG/port-eps-converted-to.pdf>
(epstopdf)                    date: 2016-05-13 23:19:49
(epstopdf)                    size: 9489 bytes
(epstopdf)             Command: <epstopdf --outfile=../FIG/port-eps-converted-t
o.pdf ../FIG/port.eps>
(epstopdf)             \includegraphics on input line 82.
Package epstopdf Info: Output file is already uptodate.

<../FIG/port-eps-converted-to.pdf, id=325, 241.90375pt x 123.46124pt>
File: ../FIG/port-eps-converted-to.pdf Graphic file (type pdf)

<use ../FIG/port-eps-converted-to.pdf>
Package pdftex.def Info: ../FIG/port-eps-converted-to.pdf used on input line 82
.
(pdftex.def)             Requested size: 241.90315pt x 123.46092pt.
Package babel Info: Redefining ngerman shorthand "|
(babel)             in language  on input line 112.
Package babel Info: Redefining ngerman shorthand "~
(babel)             in language  on input line 112.
Package babel Info: Redefining ngerman shorthand "|
(babel)             in language  on input line 112.
Package babel Info: Redefining ngerman shorthand "~
(babel)             in language  on input line 112.
 [8 <../FIG/port-eps-converted-to.pdf>]
Package babel Info: Redefining ngerman shorthand "|
(babel)             in language  on input line 112.
Package babel Info: Redefining ngerman shorthand "~
(babel)             in language  on input line 112.
Package epstopdf Info: Source file: <../FIG/boot_pages.eps>
(epstopdf)                    date: 2016-05-13 12:08:54
(epstopdf)                    size: 19220 bytes
(epstopdf)             Output file: <../FIG/boot_pages-eps-converted-to.pdf>
(epstopdf)                    date: 2016-05-13 23:19:50
(epstopdf)                    size: 9192 bytes
(epstopdf)             Command: <epstopdf --outfile=../FIG/boot_pages-eps-conve
rted-to.pdf ../FIG/boot_pages.eps>
(epstopdf)             \includegraphics on input line 167.
Package epstopdf Info: Output file is already uptodate.

<../FIG/boot_pages-eps-converted-to.pdf, id=342, 433.62pt x 768.8725pt>
File: ../FIG/boot_pages-eps-converted-to.pdf Graphic file (type pdf)

<use ../FIG/boot_pages-eps-converted-to.pdf>
Package pdftex.def Info: ../FIG/boot_pages-eps-converted-to.pdf used on input l
ine 167.
(pdftex.def)             Requested size: 341.43306pt x 605.44337pt.
Package babel Info: Redefining ngerman shorthand "|
(babel)             in language  on input line 171.
Package babel Info: Redefining ngerman shorthand "~
(babel)             in language  on input line 171.
Package babel Info: Redefining ngerman shorthand "|
(babel)             in language  on input line 171.
Package babel Info: Redefining ngerman shorthand "~
(babel)             in language  on input line 171.
 [9]
Package babel Info: Redefining ngerman shorthand "|
(babel)             in language  on input line 183.
Package babel Info: Redefining ngerman shorthand "~
(babel)             in language  on input line 183.
Package babel Info: Redefining ngerman shorthand "|
(babel)             in language  on input line 183.
Package babel Info: Redefining ngerman shorthand "~
(babel)             in language  on input line 183.
 [10 <../FIG/boot_pages-eps-converted-to.pdf>]
Package babel Info: Redefining ngerman shorthand "|
(babel)             in language  on input line 264.
Package babel Info: Redefining ngerman shorthand "~
(babel)             in language  on input line 264.
Package babel Info: Redefining ngerman shorthand "|
(babel)             in language  on input line 285.
Package babel Info: Redefining ngerman shorthand "~
(babel)             in language  on input line 285.
Package babel Info: Redefining ngerman shorthand "|
(babel)             in language  on input line 285.
Package babel Info: Redefining ngerman shorthand "~
(babel)             in language  on input line 285.
 [11]
Package babel Info: Redefining ngerman shorthand "|
(babel)             in language  on input line 291.
Package babel Info: Redefining ngerman shorthand "~
(babel)             in language  on input line 291.
Package babel Info: Redefining ngerman shorthand "|
(babel)             in language  on input line 303.
Package babel Info: Redefining ngerman shorthand "~
(babel)             in language  on input line 303.
Package epstopdf Info: Source file: <../FIG/ISP.eps>
(epstopdf)                    date: 2016-05-27 23:15:28
(epstopdf)                    size: 17292 bytes
(epstopdf)             Output file: <../FIG/ISP-eps-converted-to.pdf>
(epstopdf)                    date: 2016-05-27 23:16:18
(epstopdf)                    size: 7182 bytes
(epstopdf)             Command: <epstopdf --outfile=../FIG/ISP-eps-converted-to
.pdf ../FIG/ISP.eps>
(epstopdf)             \includegraphics on input line 318.
Package epstopdf Info: Output file is already uptodate.

<../FIG/ISP-eps-converted-to.pdf, id=365, 314.17375pt x 147.55125pt>
File: ../FIG/ISP-eps-converted-to.pdf Graphic file (type pdf)

<use ../FIG/ISP-eps-converted-to.pdf>
Package pdftex.def Info: ../FIG/ISP-eps-converted-to.pdf used on input line 318
.
(pdftex.def)             Requested size: 341.43306pt x 160.3616pt.
Package babel Info: Redefining ngerman shorthand "|
(babel)             in language  on input line 339.
Package babel Info: Redefining ngerman shorthand "~
(babel)             in language  on input line 339.
Package babel Info: Redefining ngerman shorthand "|
(babel)             in language  on input line 339.
Package babel Info: Redefining ngerman shorthand "~
(babel)             in language  on input line 339.
 [12 <../FIG/ISP-eps-converted-to.pdf>]
Package babel Info: Redefining ngerman shorthand "|
(babel)             in language  on input line 340.
Package babel Info: Redefining ngerman shorthand "~
(babel)             in language  on input line 340.
Package epstopdf Info: Source file: <../FIG/UM232.eps>
(epstopdf)                    date: 2016-06-14 20:32:10
(epstopdf)                    size: 24149 bytes
(epstopdf)             Output file: <../FIG/UM232-eps-converted-to.pdf>
(epstopdf)                    date: 2016-06-14 20:32:12
(epstopdf)                    size: 8917 bytes
(epstopdf)             Command: <epstopdf --outfile=../FIG/UM232-eps-converted-
to.pdf ../FIG/UM232.eps>
(epstopdf)             \includegraphics on input line 367.
Package epstopdf Info: Output file is already uptodate.

<../FIG/UM232-eps-converted-to.pdf, id=378, 384.43625pt x 131.49126pt>
File: ../FIG/UM232-eps-converted-to.pdf Graphic file (type pdf)

<use ../FIG/UM232-eps-converted-to.pdf>
Package pdftex.def Info: ../FIG/UM232-eps-converted-to.pdf used on input line 3
67.
(pdftex.def)             Requested size: 341.43306pt x 116.79008pt.
Package babel Info: Redefining ngerman shorthand "|
(babel)             in language  on input line 382.
Package babel Info: Redefining ngerman shorthand "~
(babel)             in language  on input line 382.
Package babel Info: Redefining ngerman shorthand "|
(babel)             in language  on input line 382.
Package babel Info: Redefining ngerman shorthand "~
(babel)             in language  on input line 382.
 [13 <../FIG/UM232-eps-converted-to.pdf>]
Package babel Info: Redefining ngerman shorthand "|
(babel)             in language  on input line 394.
Package babel Info: Redefining ngerman shorthand "~
(babel)             in language  on input line 394.
Package babel Info: Redefining ngerman shorthand "|
(babel)             in language  on input line 433.
Package babel Info: Redefining ngerman shorthand "~
(babel)             in language  on input line 433.
Package babel Info: Redefining ngerman shorthand "|
(babel)             in language  on input line 433.
Package babel Info: Redefining ngerman shorthand "~
(babel)             in language  on input line 433.
 [14])
Package babel Info: Redefining ngerman shorthand "|
(babel)             in language  on input line 37.
Package babel Info: Redefining ngerman shorthand "~
(babel)             in language  on input line 37.
Package babel Info: Redefining ngerman shorthand "|
(babel)             in language  on input line 37.
Package babel Info: Redefining ngerman shorthand "~
(babel)             in language  on input line 37.
 [15]
\openout2 = `optiboot.aux'.

 (./optiboot.tex
Kapitel 3.
Package babel Info: Redefining ngerman shorthand "|
(babel)             in language  on input line 1.
Package babel Info: Redefining ngerman shorthand "~
(babel)             in language  on input line 1.
Package babel Info: Redefining ngerman shorthand "|
(babel)             in language  on input line 15.
Package babel Info: Redefining ngerman shorthand "~
(babel)             in language  on input line 15.
Package babel Info: Redefining ngerman shorthand "|
(babel)             in language  on input line 47.
Package babel Info: Redefining ngerman shorthand "~
(babel)             in language  on input line 47.
Package babel Info: Redefining ngerman shorthand "|
(babel)             in language  on input line 53.
Package babel Info: Redefining ngerman shorthand "~
(babel)             in language  on input line 53.
Package babel Info: Redefining ngerman shorthand "|
(babel)             in language  on input line 53.
Package babel Info: Redefining ngerman shorthand "~
(babel)             in language  on input line 53.
[16



]
Package babel Info: Redefining ngerman shorthand "|
(babel)             in language  on input line 85.
Package babel Info: Redefining ngerman shorthand "~
(babel)             in language  on input line 85.
Package babel Info: Redefining ngerman shorthand "|
(babel)             in language  on input line 136.
Package babel Info: Redefining ngerman shorthand "~
(babel)             in language  on input line 136.
Package babel Info: Redefining ngerman shorthand "|
(babel)             in language  on input line 136.
Package babel Info: Redefining ngerman shorthand "~
(babel)             in language  on input line 136.
 [17]
Package babel Info: Redefining ngerman shorthand "|
(babel)             in language  on input line 181.
Package babel Info: Redefining ngerman shorthand "~
(babel)             in language  on input line 181.
Package babel Info: Redefining ngerman shorthand "|
(babel)             in language  on input line 197.
Package babel Info: Redefining ngerman shorthand "~
(babel)             in language  on input line 197.
Package babel Info: Redefining ngerman shorthand "|
(babel)             in language  on input line 197.
Package babel Info: Redefining ngerman shorthand "~
(babel)             in language  on input line 197.
 [18]
Overfull \hbox (4.58003pt too wide) in paragraph at lines 200--261
 [] 
 []

Package babel Info: Redefining ngerman shorthand "|
(babel)             in language  on input line 265.
Package babel Info: Redefining ngerman shorthand "~
(babel)             in language  on input line 265.
Package babel Info: Redefining ngerman shorthand "|
(babel)             in language  on input line 265.
Package babel Info: Redefining ngerman shorthand "~
(babel)             in language  on input line 265.
[19]
Package babel Info: Redefining ngerman shorthand "|
(babel)             in language  on input line 274.
Package babel Info: Redefining ngerman shorthand "~
(babel)             in language  on input line 274.
Package babel Info: Redefining ngerman shorthand "|
(babel)             in language  on input line 274.
Package babel Info: Redefining ngerman shorthand "~
(babel)             in language  on input line 274.
 [20]
Package babel Info: Redefining ngerman shorthand "|
(babel)             in language  on input line 329.
Package babel Info: Redefining ngerman shorthand "~
(babel)             in language  on input line 329.
Package babel Info: Redefining ngerman shorthand "|
(babel)             in language  on input line 342.
Package babel Info: Redefining ngerman shorthand "~
(babel)             in language  on input line 342.
Package babel Info: Redefining ngerman shorthand "|
(babel)             in language  on input line 342.
Package babel Info: Redefining ngerman shorthand "~
(babel)             in language  on input line 342.
 [21]
Package epstopdf Info: Source file: <../FIG/VectorMove.eps>
(epstopdf)                    date: 2016-05-27 15:19:06
(epstopdf)                    size: 19101 bytes
(epstopdf)             Output file: <../FIG/VectorMove-eps-converted-to.pdf>
(epstopdf)                    date: 2016-05-27 15:19:07
(epstopdf)                    size: 7609 bytes
(epstopdf)             Command: <epstopdf --outfile=../FIG/VectorMove-eps-conve
rted-to.pdf ../FIG/VectorMove.eps>
(epstopdf)             \includegraphics on input line 345.
Package epstopdf Info: Output file is already uptodate.

<../FIG/VectorMove-eps-converted-to.pdf, id=438, 278.03876pt x 466.74374pt>
File: ../FIG/VectorMove-eps-converted-to.pdf Graphic file (type pdf)

<use ../FIG/VectorMove-eps-converted-to.pdf>
Package pdftex.def Info: ../FIG/VectorMove-eps-converted-to.pdf used on input l
ine 345.
(pdftex.def)             Requested size: 278.03807pt x 466.7426pt.
Package babel Info: Redefining ngerman shorthand "|
(babel)             in language  on input line 369.
Package babel Info: Redefining ngerman shorthand "~
(babel)             in language  on input line 369.
Package babel Info: Redefining ngerman shorthand "|
(babel)             in language  on input line 369.
Package babel Info: Redefining ngerman shorthand "~
(babel)             in language  on input line 369.
 [22 <../FIG/VectorMove-eps-converted-to.pdf>]
Overfull \hbox (0.10078pt too wide) in paragraph at lines 370--381
[]\T1/lmr/m/n/12 Bei Pro-zes-so-ren mit mehr als 8 kByte Flash Spei-cher wer-de
n zwei Be-fehls-wor-te fr je-den Interrupt-
 []

Package babel Info: Redefining ngerman shorthand "|
(babel)             in language  on input line 393.
Package babel Info: Redefining ngerman shorthand "~
(babel)             in language  on input line 393.
Package epstopdf Info: Source file: <../FIG/uart_getch_timing.eps>
(epstopdf)                    date: 2017-12-31 11:12:10
(epstopdf)                    size: 27156 bytes
(epstopdf)             Output file: <../FIG/uart_getch_timing-eps-converted-to.
pdf>
(epstopdf)                    date: 2017-12-31 11:12:12
(epstopdf)                    size: 12355 bytes
(epstopdf)             Command: <epstopdf --outfile=../FIG/uart_getch_timing-ep
s-converted-to.pdf ../FIG/uart_getch_timing.eps>
(epstopdf)             \includegraphics on input line 413.
Package epstopdf Info: Output file is already uptodate.

<../FIG/uart_getch_timing-eps-converted-to.pdf, id=454, 442.65375pt x 775.89874
pt>
File: ../FIG/uart_getch_timing-eps-converted-to.pdf Graphic file (type pdf)
 <use ../FIG/uart_getch_timing-eps-converted-to.pdf>
Package pdftex.def Info: ../FIG/uart_getch_timing-eps-converted-to.pdf used on 
input line 413.
(pdftex.def)             Requested size: 442.65265pt x 775.89685pt.
Package babel Info: Redefining ngerman shorthand "|
(babel)             in language  on input line 417.
Package babel Info: Redefining ngerman shorthand "~
(babel)             in language  on input line 417.
Package babel Info: Redefining ngerman shorthand "|
(babel)             in language  on input line 417.
Package babel Info: Redefining ngerman shorthand "~
(babel)             in language  on input line 417.
 [23]
Package epstopdf Info: Source file: <../FIG/uart_putch_timing.eps>
(epstopdf)                    date: 2017-11-19 00:54:37
(epstopdf)                    size: 26588 bytes
(epstopdf)             Output file: <../FIG/uart_putch_timing-eps-converted-to.
pdf>
(epstopdf)                    date: 2017-11-19 11:12:57
(epstopdf)                    size: 12992 bytes
(epstopdf)             Command: <epstopdf --outfile=../FIG/uart_putch_timing-ep
s-converted-to.pdf ../FIG/uart_putch_timing.eps>
(epstopdf)             \includegraphics on input line 420.
Package epstopdf Info: Output file is already uptodate.

<../FIG/uart_putch_timing-eps-converted-to.pdf, id=461, 389.455pt x 521.95pt>
File: ../FIG/uart_putch_timing-eps-converted-to.pdf Graphic file (type pdf)

<use ../FIG/uart_putch_timing-eps-converted-to.pdf>
Package pdftex.def Info: ../FIG/uart_putch_timing-eps-converted-to.pdf used on 
input line 420.
(pdftex.def)             Requested size: 389.45404pt x 521.94872pt.
Package babel Info: Redefining ngerman shorthand "|
(babel)             in language  on input line 424.
Package babel Info: Redefining ngerman shorthand "~
(babel)             in language  on input line 424.
Package babel Info: Redefining ngerman shorthand "|
(babel)             in language  on input line 424.
Package babel Info: Redefining ngerman shorthand "~
(babel)             in language  on input line 424.
 [24 <../FIG/uart_getch_timing-eps-converted-to.pdf>]
Package babel Info: Redefining ngerman shorthand "|
(babel)             in language  on input line 429.
Package babel Info: Redefining ngerman shorthand "~
(babel)             in language  on input line 429.
Package babel Info: Redefining ngerman shorthand "|
(babel)             in language  on input line 476.
Package babel Info: Redefining ngerman shorthand "~
(babel)             in language  on input line 476.
Package babel Info: Redefining ngerman shorthand "|
(babel)             in language  on input line 476.
Package babel Info: Redefining ngerman shorthand "~
(babel)             in language  on input line 476.
 [25 <../FIG/uart_putch_timing-eps-converted-to.pdf>]
Package babel Info: Redefining ngerman shorthand "|
(babel)             in language  on input line 478.
Package babel Info: Redefining ngerman shorthand "~
(babel)             in language  on input line 478.
Package babel Info: Redefining ngerman shorthand "|
(babel)             in language  on input line 498.
Package babel Info: Redefining ngerman shorthand "~
(babel)             in language  on input line 498.
Package babel Info: Redefining ngerman shorthand "|
(babel)             in language  on input line 498.
Package babel Info: Redefining ngerman shorthand "~
(babel)             in language  on input line 498.

[26]
Overfull \hbox (10.01982pt too wide) in paragraph at lines 499--519
[]\T1/lmr/m/n/12 Drei Kon-stan-ten ms-sen vor je-der Ein-f-gung von uart_dela
y.S ge-setzt sein, F_CPU, BAUD_RATE
 []

Package babel Info: Redefining ngerman shorthand "|
(babel)             in language  on input line 520.
Package babel Info: Redefining ngerman shorthand "~
(babel)             in language  on input line 520.
Package epstopdf Info: Source file: <../FIG/OneWire_simple.eps>
(epstopdf)                    date: 2017-11-20 12:20:02
(epstopdf)                    size: 17633 bytes
(epstopdf)             Output file: <../FIG/OneWire_simple-eps-converted-to.pdf
>
(epstopdf)                    date: 2017-11-20 12:20:03
(epstopdf)                    size: 7369 bytes
(epstopdf)             Command: <epstopdf --outfile=../FIG/OneWire_simple-eps-c
onverted-to.pdf ../FIG/OneWire_simple.eps>
(epstopdf)             \includegraphics on input line 546.
Package epstopdf Info: Output file is already uptodate.

<../FIG/OneWire_simple-eps-converted-to.pdf, id=491, 303.1325pt x 191.71625pt>
File: ../FIG/OneWire_simple-eps-converted-to.pdf Graphic file (type pdf)

<use ../FIG/OneWire_simple-eps-converted-to.pdf>
Package pdftex.def Info: ../FIG/OneWire_simple-eps-converted-to.pdf used on inp
ut line 546.
(pdftex.def)             Requested size: 303.13176pt x 191.71577pt.
Package babel Info: Redefining ngerman shorthand "|
(babel)             in language  on input line 550.
Package babel Info: Redefining ngerman shorthand "~
(babel)             in language  on input line 550.
Package babel Info: Redefining ngerman shorthand "|
(babel)             in language  on input line 550.
Package babel Info: Redefining ngerman shorthand "~
(babel)             in language  on input line 550.
 [27]
Package epstopdf Info: Source file: <../FIG/OneWire.eps>
(epstopdf)                    date: 2017-12-11 14:50:12
(epstopdf)                    size: 43791 bytes
(epstopdf)             Output file: <../FIG/OneWire-eps-converted-to.pdf>
(epstopdf)                    date: 2017-12-11 14:51:42
(epstopdf)                    size: 19376 bytes
(epstopdf)             Command: <epstopdf --outfile=../FIG/OneWire-eps-converte
d-to.pdf ../FIG/OneWire.eps>
(epstopdf)             \includegraphics on input line 565.
Package epstopdf Info: Output file is already uptodate.

<../FIG/OneWire-eps-converted-to.pdf, id=498, 1020.81375pt x 541.02126pt>
File: ../FIG/OneWire-eps-converted-to.pdf Graphic file (type pdf)

<use ../FIG/OneWire-eps-converted-to.pdf>
Package pdftex.def Info: ../FIG/OneWire-eps-converted-to.pdf used on input line
 565.
(pdftex.def)             Requested size: 1020.81126pt x 541.01993pt.
Package babel Info: Redefining ngerman shorthand "|
(babel)             in language  on input line 587.
Package babel Info: Redefining ngerman shorthand "~
(babel)             in language  on input line 587.
Package babel Info: Redefining ngerman shorthand "|
(babel)             in language  on input line 587.
Package babel Info: Redefining ngerman shorthand "~
(babel)             in language  on input line 587.
 [28 <../FIG/OneWire_simple-eps-converted-to.pdf> <../FIG/OneWire-eps-converted
-to.pdf>]
Package babel Info: Redefining ngerman shorthand "|
(babel)             in language  on input line 588.
Package babel Info: Redefining ngerman shorthand "~
(babel)             in language  on input line 588.
Package epstopdf Info: Source file: <../FIG/AutoBaud.eps>
(epstopdf)                    date: 2018-02-14 00:12:34
(epstopdf)                    size: 20366 bytes
(epstopdf)             Output file: <../FIG/AutoBaud-eps-converted-to.pdf>
(epstopdf)                    date: 2018-02-14 00:12:35
(epstopdf)                    size: 7057 bytes
(epstopdf)             Command: <epstopdf --outfile=../FIG/AutoBaud-eps-convert
ed-to.pdf ../FIG/AutoBaud.eps>
(epstopdf)             \includegraphics on input line 631.
Package epstopdf Info: Output file is already uptodate.

<../FIG/AutoBaud-eps-converted-to.pdf, id=522, 894.34125pt x 225.84375pt>
File: ../FIG/AutoBaud-eps-converted-to.pdf Graphic file (type pdf)

<use ../FIG/AutoBaud-eps-converted-to.pdf>
Package pdftex.def Info: ../FIG/AutoBaud-eps-converted-to.pdf used on input lin
e 631.
(pdftex.def)             Requested size: 894.33907pt x 225.84319pt.
LaTeX Font Info:    Try loading font information for OMS+lmr on input line 638.


(/usr/share/texmf/tex/latex/lm/omslmr.fd
File: omslmr.fd 2009/10/30 v1.6 Font defs for Latin Modern
)
LaTeX Font Info:    Font shape `OMS/lmr/m/n' in size <12> not available
(Font)              Font shape `OMS/lmsy/m/n' tried instead on input line 638.
Package babel Info: Redefining ngerman shorthand "|
(babel)             in language  on input line 640.
Package babel Info: Redefining ngerman shorthand "~
(babel)             in language  on input line 640.
Package babel Info: Redefining ngerman shorthand "|
(babel)             in language  on input line 640.
Package babel Info: Redefining ngerman shorthand "~
(babel)             in language  on input line 640.
 [29 <../FIG/AutoBaud-eps-converted-to.pdf>]
Package babel Info: Redefining ngerman shorthand "|
(babel)             in language  on input line 714.
Package babel Info: Redefining ngerman shorthand "~
(babel)             in language  on input line 714.
Package babel Info: Redefining ngerman shorthand "|
(babel)             in language  on input line 714.
Package babel Info: Redefining ngerman shorthand "~
(babel)             in language  on input line 714.
 [30]
Overfull \hbox (3.27184pt too wide) in paragraph at lines 759--774
\T1/lmr/m/n/12 Blinken ge-whlt wird. Bei ei-ni-gen Pro-zes-so-ren kann als Zu-
satz-funk-ti-on noch die LED_DATA_FLASH
 []

Package babel Info: Redefining ngerman shorthand "|
(babel)             in language  on input line 787.
Package babel Info: Redefining ngerman shorthand "~
(babel)             in language  on input line 787.
Package babel Info: Redefining ngerman shorthand "|
(babel)             in language  on input line 787.
Package babel Info: Redefining ngerman shorthand "~
(babel)             in language  on input line 787.
[31]
Package babel Info: Redefining ngerman shorthand "|
(babel)             in language  on input line 868.
Package babel Info: Redefining ngerman shorthand "~
(babel)             in language  on input line 868.
Package babel Info: Redefining ngerman shorthand "|
(babel)             in language  on input line 868.
Package babel Info: Redefining ngerman shorthand "~
(babel)             in language  on input line 868.
 [32]
Overfull \hbox (4.37773pt too wide) in paragraph at lines 919--927
[]\T1/lmr/m/n/12 Fr den Be-triebs-mo-dus 82 ha-be ich mit dem Soft-wa-re UART 
auch die un-ge-ra-den OSC-CAL_CORR
 []

Package babel Info: Redefining ngerman shorthand "|
(babel)             in language  on input line 937.
Package babel Info: Redefining ngerman shorthand "~
(babel)             in language  on input line 937.
Package babel Info: Redefining ngerman shorthand "|
(babel)             in language  on input line 937.
Package babel Info: Redefining ngerman shorthand "~
(babel)             in language  on input line 937.
[33]
Package babel Info: Redefining ngerman shorthand "|
(babel)             in language  on input line 939.
Package babel Info: Redefining ngerman shorthand "~
(babel)             in language  on input line 939.

Overfull \hbox (18.90063pt too wide) in paragraph at lines 971--971
[]\T1/lmtt/m/n/12 init_uart_fix_baud.S:31:8: warning: #warning "BAUD_RATE error
 greater than 2%" [-Wcpp][] 
 []


Overfull \hbox (0.37563pt too wide) in paragraph at lines 971--971
[]\T1/lmtt/m/n/12 avr-objcopy -j .text -j .data -j .version --set-section-flags
 .version=alloc,load \[] 
 []

Package babel Info: Redefining ngerman shorthand "|
(babel)             in language  on input line 1007.
Package babel Info: Redefining ngerman shorthand "~
(babel)             in language  on input line 1007.
Package babel Info: Redefining ngerman shorthand "|
(babel)             in language  on input line 1007.
Package babel Info: Redefining ngerman shorthand "~
(babel)             in language  on input line 1007.
[34]
Overfull \hbox (0.36862pt too wide) in paragraph at lines 1007--1007
[]\T1/lmtt/m/n/12 BAUD RATE CHECK: Desired: 115200,  SoftUART_Real: 115107, Del
ay: 116*1, Error=-.07%[] 
 []


Overfull \hbox (0.37563pt too wide) in paragraph at lines 1007--1007
[]\T1/lmtt/m/n/12 avr-objcopy -j .text -j .data -j .version --set-section-flags
 .version=alloc,load \[] 
 []


Overfull \hbox (0.37563pt too wide) in paragraph at lines 1048--1048
[]\T1/lmtt/m/n/12 Simple Baudrate measurement with time limit implemented in op
tiboot! (4-bit, CLK/8)[] 
 []

Package babel Info: Redefining ngerman shorthand "|
(babel)             in language  on input line 1048.
Package babel Info: Redefining ngerman shorthand "~
(babel)             in language  on input line 1048.
Package babel Info: Redefining ngerman shorthand "|
(babel)             in language  on input line 1048.
Package babel Info: Redefining ngerman shorthand "~
(babel)             in language  on input line 1048.
[35]
Overfull \hbox (0.37563pt too wide) in paragraph at lines 1048--1048
[]\T1/lmtt/m/n/12 avr-objcopy -j .text -j .data -j .version --set-section-flags
 .version=alloc,load \[] 
 []


Overfull \hbox (0.37563pt too wide) in paragraph at lines 1081--1081
[]\T1/lmtt/m/n/12 avr-objcopy -j .text -j .data -j .version --set-section-flags
 .version=alloc,load \[] 
 []


Overfull \hbox (7.44012pt too wide) in paragraph at lines 1084--1084
[]\T1/lmr/bx/n/17.28 Anpassung der Takt-fre-quenz bei in-ter-nem RC-Generator 
 []

Package babel Info: Redefining ngerman shorthand "|
(babel)             in language  on input line 1084.
Package babel Info: Redefining ngerman shorthand "~
(babel)             in language  on input line 1084.
Package babel Info: Redefining ngerman shorthand "|
(babel)             in language  on input line 1102.
Package babel Info: Redefining ngerman shorthand "~
(babel)             in language  on input line 1102.
Package babel Info: Redefining ngerman shorthand "|
(babel)             in language  on input line 1102.
Package babel Info: Redefining ngerman shorthand "~
(babel)             in language  on input line 1102.
[36]
Package babel Info: Redefining ngerman shorthand "|
(babel)             in language  on input line 1126.
Package babel Info: Redefining ngerman shorthand "~
(babel)             in language  on input line 1126.
Package babel Info: Redefining ngerman shorthand "|
(babel)             in language  on input line 1160.
Package babel Info: Redefining ngerman shorthand "~
(babel)             in language  on input line 1160.
Package babel Info: Redefining ngerman shorthand "|
(babel)             in language  on input line 1187.
Package babel Info: Redefining ngerman shorthand "~
(babel)             in language  on input line 1187.
Package babel Info: Redefining ngerman shorthand "|
(babel)             in language  on input line 1187.
Package babel Info: Redefining ngerman shorthand "~
(babel)             in language  on input line 1187.
 [37]
Package babel Info: Redefining ngerman shorthand "|
(babel)             in language  on input line 1189.
Package babel Info: Redefining ngerman shorthand "~
(babel)             in language  on input line 1189.
Package babel Info: Redefining ngerman shorthand "|
(babel)             in language  on input line 1239.
Package babel Info: Redefining ngerman shorthand "~
(babel)             in language  on input line 1239.
Package babel Info: Redefining ngerman shorthand "|
(babel)             in language  on input line 1266.
Package babel Info: Redefining ngerman shorthand "~
(babel)             in language  on input line 1266.
Package babel Info: Redefining ngerman shorthand "|
(babel)             in language  on input line 1266.
Package babel Info: Redefining ngerman shorthand "~
(babel)             in language  on input line 1266.
 [38]
Package babel Info: Redefining ngerman shorthand "|
(babel)             in language  on input line 1271.
Package babel Info: Redefining ngerman shorthand "~
(babel)             in language  on input line 1271.

Overfull \hbox (1.22614pt too wide) in paragraph at lines 1273--1277
\T1/lmr/m/n/12 Der AT-me-ga32 und der AT-me-ga16 kn-nen 4 ver-schie-de-ne Fre-
quen-zen mit dem in-ter-nen RC-Generator
 []

Package babel Info: Redefining ngerman shorthand "|
(babel)             in language  on input line 1332.
Package babel Info: Redefining ngerman shorthand "~
(babel)             in language  on input line 1332.
Package babel Info: Redefining ngerman shorthand "|
(babel)             in language  on input line 1338.
Package babel Info: Redefining ngerman shorthand "~
(babel)             in language  on input line 1338.
Package babel Info: Redefining ngerman shorthand "|
(babel)             in language  on input line 1338.
Package babel Info: Redefining ngerman shorthand "~
(babel)             in language  on input line 1338.
[39]
Package babel Info: Redefining ngerman shorthand "|
(babel)             in language  on input line 1355.
Package babel Info: Redefining ngerman shorthand "~
(babel)             in language  on input line 1355.
Package babel Info: Redefining ngerman shorthand "|
(babel)             in language  on input line 1419.
Package babel Info: Redefining ngerman shorthand "~
(babel)             in language  on input line 1419.
Package babel Info: Redefining ngerman shorthand "|
(babel)             in language  on input line 1419.
Package babel Info: Redefining ngerman shorthand "~
(babel)             in language  on input line 1419.
 [40]
Package babel Info: Redefining ngerman shorthand "|
(babel)             in language  on input line 1419.
Package babel Info: Redefining ngerman shorthand "~
(babel)             in language  on input line 1419.
Package babel Info: Redefining ngerman shorthand "|
(babel)             in language  on input line 1449.
Package babel Info: Redefining ngerman shorthand "~
(babel)             in language  on input line 1449.
Package babel Info: Redefining ngerman shorthand "|
(babel)             in language  on input line 1478.
Package babel Info: Redefining ngerman shorthand "~
(babel)             in language  on input line 1478.
Package babel Info: Redefining ngerman shorthand "|
(babel)             in language  on input line 1503.
Package babel Info: Redefining ngerman shorthand "~
(babel)             in language  on input line 1503.
Package babel Info: Redefining ngerman shorthand "|
(babel)             in language  on input line 1503.
Package babel Info: Redefining ngerman shorthand "~
(babel)             in language  on input line 1503.
 [41]
Package babel Info: Redefining ngerman shorthand "|
(babel)             in language  on input line 1504.
Package babel Info: Redefining ngerman shorthand "~
(babel)             in language  on input line 1504.
Package babel Info: Redefining ngerman shorthand "|
(babel)             in language  on input line 1538.
Package babel Info: Redefining ngerman shorthand "~
(babel)             in language  on input line 1538.
Package babel Info: Redefining ngerman shorthand "|
(babel)             in language  on input line 1576.
Package babel Info: Redefining ngerman shorthand "~
(babel)             in language  on input line 1576.
Package babel Info: Redefining ngerman shorthand "|
(babel)             in language  on input line 1576.
Package babel Info: Redefining ngerman shorthand "~
(babel)             in language  on input line 1576.
 [42]
Package babel Info: Redefining ngerman shorthand "|
(babel)             in language  on input line 1576.
Package babel Info: Redefining ngerman shorthand "~
(babel)             in language  on input line 1576.
Package babel Info: Redefining ngerman shorthand "|
(babel)             in language  on input line 1611.
Package babel Info: Redefining ngerman shorthand "~
(babel)             in language  on input line 1611.

Overfull \hbox (1.27835pt too wide) in paragraph at lines 1613--1622
\T1/lmr/m/n/12 Oszillator und der $\OT1/lmr/m/n/12 128\OML/lmm/m/it/12 kHz$ \T1
/lmr/m/n/12 Takt der Watchdog-Schaltung be-nutzt wer-den. Der $\OT1/lmr/m/n/12 
6\OML/lmm/m/it/12 :\OT1/lmr/m/n/12 4\OML/lmm/m/it/12 MHz$ \T1/lmr/m/n/12 RC-Osz
illator
 []

Package babel Info: Redefining ngerman shorthand "|
(babel)             in language  on input line 1673.
Package babel Info: Redefining ngerman shorthand "~
(babel)             in language  on input line 1673.
Package babel Info: Redefining ngerman shorthand "|
(babel)             in language  on input line 1673.
Package babel Info: Redefining ngerman shorthand "~
(babel)             in language  on input line 1673.
[43]
Package babel Info: Redefining ngerman shorthand "|
(babel)             in language  on input line 1707.
Package babel Info: Redefining ngerman shorthand "~
(babel)             in language  on input line 1707.

Overfull \hbox (6.49998pt too wide) in paragraph at lines 1735--1737
[]\T1/lmr/m/n/12 Bei al-len un-ter-such-ten Ex-em-pla-ren kann die se-ri-el-le 
Schnitt-stel-le auch oh-ne die OSCCAL-Korrektur
 []

Package babel Info: Redefining ngerman shorthand "|
(babel)             in language  on input line 1739.
Package babel Info: Redefining ngerman shorthand "~
(babel)             in language  on input line 1739.
Package babel Info: Redefining ngerman shorthand "|
(babel)             in language  on input line 1750.
Package babel Info: Redefining ngerman shorthand "~
(babel)             in language  on input line 1750.
Package babel Info: Redefining ngerman shorthand "|
(babel)             in language  on input line 1750.
Package babel Info: Redefining ngerman shorthand "~
(babel)             in language  on input line 1750.
[44]
Package babel Info: Redefining ngerman shorthand "|
(babel)             in language  on input line 1776.
Package babel Info: Redefining ngerman shorthand "~
(babel)             in language  on input line 1776.
Package babel Info: Redefining ngerman shorthand "|
(babel)             in language  on input line 1802.
Package babel Info: Redefining ngerman shorthand "~
(babel)             in language  on input line 1802.
Package babel Info: Redefining ngerman shorthand "|
(babel)             in language  on input line 1827.
Package babel Info: Redefining ngerman shorthand "~
(babel)             in language  on input line 1827.
Package babel Info: Redefining ngerman shorthand "|
(babel)             in language  on input line 1827.
Package babel Info: Redefining ngerman shorthand "~
(babel)             in language  on input line 1827.
 [45]
Package babel Info: Redefining ngerman shorthand "|
(babel)             in language  on input line 1831.
Package babel Info: Redefining ngerman shorthand "~
(babel)             in language  on input line 1831.
Package babel Info: Redefining ngerman shorthand "|
(babel)             in language  on input line 1859.
Package babel Info: Redefining ngerman shorthand "~
(babel)             in language  on input line 1859.
Package babel Info: Redefining ngerman shorthand "|
(babel)             in language  on input line 1890.
Package babel Info: Redefining ngerman shorthand "~
(babel)             in language  on input line 1890.
Package babel Info: Redefining ngerman shorthand "|
(babel)             in language  on input line 1914.
Package babel Info: Redefining ngerman shorthand "~
(babel)             in language  on input line 1914.
Package babel Info: Redefining ngerman shorthand "|
(babel)             in language  on input line 1914.
Package babel Info: Redefining ngerman shorthand "~
(babel)             in language  on input line 1914.
 [46])
Package babel Info: Redefining ngerman shorthand "|
(babel)             in language  on input line 39.
Package babel Info: Redefining ngerman shorthand "~
(babel)             in language  on input line 39.
Package babel Info: Redefining ngerman shorthand "|
(babel)             in language  on input line 39.
Package babel Info: Redefining ngerman shorthand "~
(babel)             in language  on input line 39.
 [47]
\openout2 = `AVRdata.aux'.

 (./AVRdata.tex
Kapitel 4.
Package babel Info: Redefining ngerman shorthand "|
(babel)             in language  on input line 1.
Package babel Info: Redefining ngerman shorthand "~
(babel)             in language  on input line 1.
Package babel Info: Redefining ngerman shorthand "|
(babel)             in language  on input line 3.
Package babel Info: Redefining ngerman shorthand "~
(babel)             in language  on input line 3.
Package babel Info: Redefining ngerman shorthand "|
(babel)             in language  on input line 178.
Package babel Info: Redefining ngerman shorthand "~
(babel)             in language  on input line 178.
Package babel Info: Redefining ngerman shorthand "|
(babel)             in language  on input line 178.
Package babel Info: Redefining ngerman shorthand "~
(babel)             in language  on input line 178.
[48



]
Package babel Info: Redefining ngerman shorthand "|
(babel)             in language  on input line 235.
Package babel Info: Redefining ngerman shorthand "~
(babel)             in language  on input line 235.
Package babel Info: Redefining ngerman shorthand "|
(babel)             in language  on input line 235.
Package babel Info: Redefining ngerman shorthand "~
(babel)             in language  on input line 235.
 [49]
Package babel Info: Redefining ngerman shorthand "|
(babel)             in language  on input line 236.
Package babel Info: Redefining ngerman shorthand "~
(babel)             in language  on input line 236.
Package babel Info: Redefining ngerman shorthand "|
(babel)             in language  on input line 277.
Package babel Info: Redefining ngerman shorthand "~
(babel)             in language  on input line 277.
Package babel Info: Redefining ngerman shorthand "|
(babel)             in language  on input line 277.
Package babel Info: Redefining ngerman shorthand "~
(babel)             in language  on input line 277.
 [50]
Overfull \hbox (7.87834pt too wide) in paragraph at lines 280--324
 [] 
 []

Package babel Info: Redefining ngerman shorthand "|
(babel)             in language  on input line 328.
Package babel Info: Redefining ngerman shorthand "~
(babel)             in language  on input line 328.
Package babel Info: Redefining ngerman shorthand "|
(babel)             in language  on input line 328.
Package babel Info: Redefining ngerman shorthand "~
(babel)             in language  on input line 328.
[51]
Overfull \hbox (19.5691pt too wide) in paragraph at lines 331--374
 [] 
 []

Package babel Info: Redefining ngerman shorthand "|
(babel)             in language  on input line 378.
Package babel Info: Redefining ngerman shorthand "~
(babel)             in language  on input line 378.
Package babel Info: Redefining ngerman shorthand "|
(babel)             in language  on input line 378.
Package babel Info: Redefining ngerman shorthand "~
(babel)             in language  on input line 378.
[52]
Package babel Info: Redefining ngerman shorthand "|
(babel)             in language  on input line 379.
Package babel Info: Redefining ngerman shorthand "~
(babel)             in language  on input line 379.
Package babel Info: Redefining ngerman shorthand "|
(babel)             in language  on input line 379.
Package babel Info: Redefining ngerman shorthand "~
(babel)             in language  on input line 379.
 [53]
Package babel Info: Redefining ngerman shorthand "|
(babel)             in language  on input line 381.
Package babel Info: Redefining ngerman shorthand "~
(babel)             in language  on input line 381.
)
Package babel Info: Redefining ngerman shorthand "|
(babel)             in language  on input line 41.
Package babel Info: Redefining ngerman shorthand "~
(babel)             in language  on input line 41.
Package babel Info: Redefining ngerman shorthand "|
(babel)             in language  on input line 41.
Package babel Info: Redefining ngerman shorthand "~
(babel)             in language  on input line 41.
 [54]
\openout2 = `USBserial.aux'.

 (./USBserial.tex
Kapitel 5.
Package babel Info: Redefining ngerman shorthand "|
(babel)             in language  on input line 1.
Package babel Info: Redefining ngerman shorthand "~
(babel)             in language  on input line 1.
Package babel Info: Redefining ngerman shorthand "|
(babel)             in language  on input line 22.
Package babel Info: Redefining ngerman shorthand "~
(babel)             in language  on input line 22.
Package babel Info: Redefining ngerman shorthand "|
(babel)             in language  on input line 44.
Package babel Info: Redefining ngerman shorthand "~
(babel)             in language  on input line 44.
Package babel Info: Redefining ngerman shorthand "|
(babel)             in language  on input line 44.
Package babel Info: Redefining ngerman shorthand "~
(babel)             in language  on input line 44.
[55



]
Overfull \hbox (160.9117pt too wide) in paragraph at lines 47--47
[]\T1/lmtt/m/n/12 Bus 002 Device 093: ID 10c4:ea60 Cygnal Integrated Products, 
Inc. CP210x UART Bridge / myAVR mySmartUSB light[] 
 []


Overfull \hbox (105.33667pt too wide) in paragraph at lines 47--47
[]\T1/lmtt/m/n/12 Bus 002 Device 076: ID 0403:6001 Future Technology Devices In
ternational, Ltd FT232 Serial (UART) IC[] 
 []

Package babel Info: Redefining ngerman shorthand "|
(babel)             in language  on input line 127.
Package babel Info: Redefining ngerman shorthand "~
(babel)             in language  on input line 127.
Package babel Info: Redefining ngerman shorthand "|
(babel)             in language  on input line 127.
Package babel Info: Redefining ngerman shorthand "~
(babel)             in language  on input line 127.
[56]
Package babel Info: Redefining ngerman shorthand "|
(babel)             in language  on input line 191.
Package babel Info: Redefining ngerman shorthand "~
(babel)             in language  on input line 191.
Package babel Info: Redefining ngerman shorthand "|
(babel)             in language  on input line 191.
Package babel Info: Redefining ngerman shorthand "~
(babel)             in language  on input line 191.
 [57]
Package babel Info: Redefining ngerman shorthand "|
(babel)             in language  on input line 205.
Package babel Info: Redefining ngerman shorthand "~
(babel)             in language  on input line 205.
Package babel Info: Redefining ngerman shorthand "|
(babel)             in language  on input line 215.
Package babel Info: Redefining ngerman shorthand "~
(babel)             in language  on input line 215.
Package babel Info: Redefining ngerman shorthand "|
(babel)             in language  on input line 215.
Package babel Info: Redefining ngerman shorthand "~
(babel)             in language  on input line 215.
 [58]
Overfull \hbox (105.33667pt too wide) in paragraph at lines 222--222
[]\T1/lmtt/m/n/12 Bus 002 Device 076: ID 0403:6001 Future Technology Devices In
ternational, Ltd FT232 Serial (UART) IC[] 
 []

Package babel Info: Redefining ngerman shorthand "|
(babel)             in language  on input line 302.
Package babel Info: Redefining ngerman shorthand "~
(babel)             in language  on input line 302.
Package babel Info: Redefining ngerman shorthand "|
(babel)             in language  on input line 302.
Package babel Info: Redefining ngerman shorthand "~
(babel)             in language  on input line 302.
[59]
Package babel Info: Redefining ngerman shorthand "|
(babel)             in language  on input line 370.
Package babel Info: Redefining ngerman shorthand "~
(babel)             in language  on input line 370.
Package babel Info: Redefining ngerman shorthand "|
(babel)             in language  on input line 370.
Package babel Info: Redefining ngerman shorthand "~
(babel)             in language  on input line 370.
 [60]
Package babel Info: Redefining ngerman shorthand "|
(babel)             in language  on input line 372.
Package babel Info: Redefining ngerman shorthand "~
(babel)             in language  on input line 372.
Package babel Info: Redefining ngerman shorthand "|
(babel)             in language  on input line 427.
Package babel Info: Redefining ngerman shorthand "~
(babel)             in language  on input line 427.
Package babel Info: Redefining ngerman shorthand "|
(babel)             in language  on input line 427.
Package babel Info: Redefining ngerman shorthand "~
(babel)             in language  on input line 427.
 [61]
Package babel Info: Redefining ngerman shorthand "|
(babel)             in language  on input line 495.
Package babel Info: Redefining ngerman shorthand "~
(babel)             in language  on input line 495.
Package babel Info: Redefining ngerman shorthand "|
(babel)             in language  on input line 495.
Package babel Info: Redefining ngerman shorthand "~
(babel)             in language  on input line 495.
 [62])
Package babel Info: Redefining ngerman shorthand "|
(babel)             in language  on input line 43.
Package babel Info: Redefining ngerman shorthand "~
(babel)             in language  on input line 43.
Package babel Info: Redefining ngerman shorthand "|
(babel)             in language  on input line 43.
Package babel Info: Redefining ngerman shorthand "~
(babel)             in language  on input line 43.
 [63]
Package babel Info: Redefining ngerman shorthand "|
(babel)             in language  on input line 166.
Package babel Info: Redefining ngerman shorthand "~
(babel)             in language  on input line 166.
Package babel Info: Redefining ngerman shorthand "|
(babel)             in language  on input line 166.
Package babel Info: Redefining ngerman shorthand "~
(babel)             in language  on input line 166.
 [64


]
Package babel Info: Redefining ngerman shorthand "|
(babel)             in language  on input line 270.
Package babel Info: Redefining ngerman shorthand "~
(babel)             in language  on input line 270.
Package babel Info: Redefining ngerman shorthand "|
(babel)             in language  on input line 270.
Package babel Info: Redefining ngerman shorthand "~
(babel)             in language  on input line 270.
 [65]
Package atveryend Info: Empty hook `BeforeClearDocument' on input line 270.
Package atveryend Info: Empty hook `AfterLastShipout' on input line 270.
 (./bootloader.aux (./preface.aux)
(./principle.aux) (./AVRhardware.aux) (./optiboot.aux) (./AVRdata.aux)
(./USBserial.aux))
Package atveryend Info: Executing hook `AtVeryEndDocument' on input line 270.
Package atveryend Info: Executing hook `AtEndAfterFileList' on input line 270.
Package rerunfilecheck Info: File `bootloader.out' has not changed.
(rerunfilecheck)             Checksum: 9421B8FE64D123BEB8136230859C8CB4;4949.
Package atveryend Info: Empty hook `AtVeryVeryEnd' on input line 270.
 ) 
Here is how much of TeX's memory you used:
 23811 strings out of 493029
 507924 string characters out of 6136234
 696627 words of memory out of 5000000
 26671 multiletter control sequences out of 15000+600000
 58474 words of font info for 47 fonts, out of 8000000 for 9000
 1141 hyphenation exceptions out of 8191
 62i,9n,56p,434b,663s stack positions out of 5000i,500n,10000p,200000b,80000s
{/usr/share/texmf/fonts/enc/dvips/lm/lm-ec.enc}{/usr/share/texmf/fonts/enc/dv
ips/lm/lm-mathsy.enc}{/usr/share/texmf/fonts/enc/dvips/lm/lm-mathit.enc}{/usr/s
hare/texmf/fonts/enc/dvips/lm/lm-rm.enc}</usr/share/texmf/fonts/type1/public/lm
/lmbx12.pfb></usr/share/texmf/fonts/type1/public/lm/lmmi12.pfb></usr/share/texm
f/fonts/type1/public/lm/lmr12.pfb></usr/share/texmf/fonts/type1/public/lm/lmr17
.pfb></usr/share/texmf/fonts/type1/public/lm/lmri12.pfb></usr/share/texmf/fonts
/type1/public/lm/lmsy10.pfb></usr/share/texmf/fonts/type1/public/lm/lmtt12.pfb>

Output written on bootloader.pdf (66 pages, 432452 bytes).
PDF statistics:
 885 PDF objects out of 1000 (max. 8388607)
 774 compressed objects within 8 object streams
 215 named destinations out of 1000 (max. 500000)
 489 words of extra memory for PDF output out of 10000 (max. 10000000)

