\BOOKMARK [0][-]{chapter.1}{Prinzipielle Arbeitsweise eines Bootloaders}{}% 1
\BOOKMARK [0][-]{chapter.2}{Die Hardware der AVR 8-Bit Mikrocontroller}{}% 2
\BOOKMARK [1][-]{section.2.1}{CPU und Speicherzugriff}{chapter.2}% 3
\BOOKMARK [1][-]{section.2.2}{Eingabe und Ausgabefunktion}{chapter.2}% 4
\BOOKMARK [1][-]{section.2.3}{Das Starten des AVR Mikrocontrollers}{chapter.2}% 5
\BOOKMARK [1][-]{section.2.4}{Das Beschreiben des AVR Speichers}{chapter.2}% 6
\BOOKMARK [2][-]{subsection.2.4.1}{parallele Programmierung}{section.2.4}% 7
\BOOKMARK [2][-]{subsection.2.4.2}{serieller Download mit ISP}{section.2.4}% 8
\BOOKMARK [2][-]{subsection.2.4.3}{Selbstprogrammierung mit serieller Schnittstelle}{section.2.4}% 9
\BOOKMARK [2][-]{subsection.2.4.4}{Diagnose Werkzeuge}{section.2.4}% 10
\BOOKMARK [0][-]{chapter.3}{Der optiboot Bootloader f\374r AVR Mikrocontroller}{}% 11
\BOOKMARK [1][-]{section.3.1}{\304nderungen und Weiterentwicklung von Version 6.2}{chapter.3}% 12
\BOOKMARK [1][-]{section.3.2}{Automatische Gr\366\337enanpassung in der optiboot Makefile}{chapter.3}% 13
\BOOKMARK [1][-]{section.3.3}{Zielvorgaben f\374r optiboot Makefile}{chapter.3}% 14
\BOOKMARK [1][-]{section.3.4}{Die Optionen f\374r die optiboot Makefile}{chapter.3}% 15
\BOOKMARK [1][-]{section.3.5}{Benutzung von optiboot ohne Bootloader-Bereich}{chapter.3}% 16
\BOOKMARK [1][-]{section.3.6}{Die M\366glichkeiten der seriellen Schnittstelle mit der verwendeten Software}{chapter.3}% 17
\BOOKMARK [2][-]{subsection.3.6.1}{Berechnung der Verz\366gerungszeit}{section.3.6}% 18
\BOOKMARK [2][-]{subsection.3.6.2}{Benutzung von mehr als einer seriellen Schnittstelle}{section.3.6}% 19
\BOOKMARK [2][-]{subsection.3.6.3}{Serielle Eingabe und Ausgabe \374ber nur einen AVR Pin}{section.3.6}% 20
\BOOKMARK [1][-]{section.3.7}{Einige Beispiele f\374r die Erzeugung eines optiboot Bootloaders}{chapter.3}% 21
\BOOKMARK [0][-]{chapter.4}{Verschiedene USB zu Seriell Wandler mit Linux}{}% 22
\BOOKMARK [1][-]{section.4.1}{Der CH340G und der CP2102 Wandler }{chapter.4}% 23
\BOOKMARK [1][-]{section.4.2}{Der PL-2303 und der FT232R Wandler}{chapter.4}% 24
\BOOKMARK [1][-]{section.4.3}{Der USB-serial Wandler mit der ATmega16X2 Software}{chapter.4}% 25
